2025-08-17 11:21:01,114 - INFO - /var/www/api/abstract_logins/app/src/endpoints/files/secure_utils.py - SEARCHMAP==={'id': 1853}
2025-08-17 11:21:01,121 - INFO - /var/www/api/abstract_logins/app/src/endpoints/files/secure_utils.py - ROW === RealDictRow({'id': 1853, 'filename': 'info.json', 'filepath': 'admin/videos/1041592917954373/info.json', 'uploader_id': 'admin', 'created_at': datetime.datetime(2025, 8, 15, 3, 15, 53, 2786), 'shareable': False, 'share_password': None, 'download_count': 0, 'download_limit': None, 'password_str': None})
2025-08-17 11:21:01,126 - INFO - /var/www/api/abstract_logins/app/src/endpoints/files/secure_utils.py - SEARCHMAP==={'id': 1853, 'filepath': 'admin/videos/1041592917954373/info.json'}
2025-08-17 11:21:01,130 - INFO - /var/www/api/abstract_logins/app/src/endpoints/files/secure_utils.py - SEARCHMAP==={'id': 1853, 'filepath': 'admin/videos/1041592917954373/info.json'}
2025-08-17 11:21:01,130 - INFO - /var/www/api/abstract_logins/app/src/endpoints/files/secure_utils.py - row == RealDictRow({'id': 1853, 'filename': 'info.json', 'filepath': 'admin/videos/1041592917954373/info.json', 'uploader_id': 'admin', 'created_at': datetime.datetime(2025, 8, 15, 3, 15, 53, 2786), 'shareable': False, 'share_password': None, 'download_count': 0, 'download_limit': None, 'password_str': None})
filepath == admin/videos/1041592917954373/info.json
2025-08-17 11:21:01,135 - INFO - /var/www/api/abstract_logins/app/src/endpoints/files/secure_utils.py - SEARCHMAP==={'id': 1853, 'filepath': 'admin/videos/1041592917954373/info.json'}
2025-08-17 11:21:01,135 - INFO - /var/www/api/abstract_logins/app/src/endpoints/files/secure_utils.py - row == RealDictRow({'id': 1853, 'filename': 'info.json', 'filepath': 'admin/videos/1041592917954373/info.json', 'uploader_id': 'admin', 'created_at': datetime.datetime(2025, 8, 15, 3, 15, 53, 2786), 'shareable': False, 'share_password': None, 'download_count': 0, 'download_limit': None, 'password_str': None})
shareable == False
2025-08-17 11:21:01,152 - INFO - /var/www/api/abstract_logins/app/src/endpoints/files/secure_utils.py - SEARCHMAP==={'id': 1835}
2025-08-17 11:21:01,159 - INFO - /var/www/api/abstract_logins/app/src/endpoints/files/secure_utils.py - ROW === RealDictRow({'id': 1835, 'filename': 'video.info.json', 'filepath': 'admin/1802357043711670/video.info.json', 'uploader_id': 'admin', 'created_at': datetime.datetime(2025, 8, 9, 9, 49, 55, 477776), 'shareable': False, 'share_password': None, 'download_count': 76, 'download_limit': None, 'password_str': None})
2025-08-17 11:21:01,163 - INFO - /var/www/api/abstract_logins/app/src/endpoints/files/secure_utils.py - SEARCHMAP==={'id': 1835, 'filepath': 'admin/1802357043711670/video.info.json'}
2025-08-17 11:21:01,167 - INFO - /var/www/api/abstract_logins/app/src/endpoints/files/secure_utils.py - SEARCHMAP==={'id': 1835, 'filepath': 'admin/1802357043711670/video.info.json'}
2025-08-17 11:21:01,167 - INFO - /var/www/api/abstract_logins/app/src/endpoints/files/secure_utils.py - row == RealDictRow({'id': 1835, 'filename': 'video.info.json', 'filepath': 'admin/1802357043711670/video.info.json', 'uploader_id': 'admin', 'created_at': datetime.datetime(2025, 8, 9, 9, 49, 55, 477776), 'shareable': False, 'share_password': None, 'download_count': 76, 'download_limit': None, 'password_str': None})
filepath == admin/1802357043711670/video.info.json
2025-08-17 11:21:01,172 - INFO - /var/www/api/abstract_logins/app/src/endpoints/files/secure_utils.py - SEARCHMAP==={'id': 1835, 'filepath': 'admin/1802357043711670/video.info.json'}
2025-08-17 11:21:01,172 - INFO - /var/www/api/abstract_logins/app/src/endpoints/files/secure_utils.py - row == RealDictRow({'id': 1835, 'filename': 'video.info.json', 'filepath': 'admin/1802357043711670/video.info.json', 'uploader_id': 'admin', 'created_at': datetime.datetime(2025, 8, 9, 9, 49, 55, 477776), 'shareable': False, 'share_password': None, 'download_count': 76, 'download_limit': None, 'password_str': None})
shareable == False
2025-08-17 11:21:01,187 - INFO - /var/www/api/abstract_logins/app/src/endpoints/files/secure_utils.py - SEARCHMAP==={'id': 1828}
2025-08-17 11:21:01,194 - INFO - /var/www/api/abstract_logins/app/src/endpoints/files/secure_utils.py - ROW === RealDictRow({'id': 1828, 'filename': 'info.json', 'filepath': 'admin/743429405342532/info.json', 'uploader_id': 'admin', 'created_at': datetime.datetime(2025, 8, 6, 18, 37, 40, 529566), 'shareable': False, 'share_password': None, 'download_count': 76, 'download_limit': None, 'password_str': None})
2025-08-17 11:21:01,198 - INFO - /var/www/api/abstract_logins/app/src/endpoints/files/secure_utils.py - SEARCHMAP==={'id': 1828, 'filepath': 'admin/743429405342532/info.json'}
2025-08-17 11:21:01,202 - INFO - /var/www/api/abstract_logins/app/src/endpoints/files/secure_utils.py - SEARCHMAP==={'id': 1828, 'filepath': 'admin/743429405342532/info.json'}
2025-08-17 11:21:01,202 - INFO - /var/www/api/abstract_logins/app/src/endpoints/files/secure_utils.py - row == RealDictRow({'id': 1828, 'filename': 'info.json', 'filepath': 'admin/743429405342532/info.json', 'uploader_id': 'admin', 'created_at': datetime.datetime(2025, 8, 6, 18, 37, 40, 529566), 'shareable': False, 'share_password': None, 'download_count': 76, 'download_limit': None, 'password_str': None})
filepath == admin/743429405342532/info.json
2025-08-17 11:21:01,207 - INFO - /var/www/api/abstract_logins/app/src/endpoints/files/secure_utils.py - SEARCHMAP==={'id': 1828, 'filepath': 'admin/743429405342532/info.json'}
2025-08-17 11:21:01,207 - INFO - /var/www/api/abstract_logins/app/src/endpoints/files/secure_utils.py - row == RealDictRow({'id': 1828, 'filename': 'info.json', 'filepath': 'admin/743429405342532/info.json', 'uploader_id': 'admin', 'created_at': datetime.datetime(2025, 8, 6, 18, 37, 40, 529566), 'shareable': False, 'share_password': None, 'download_count': 76, 'download_limit': None, 'password_str': None})
shareable == False
2025-08-17 11:21:01,223 - INFO - /var/www/api/abstract_logins/app/src/endpoints/files/secure_utils.py - SEARCHMAP==={'id': 1843}
2025-08-17 11:21:01,230 - INFO - /var/www/api/abstract_logins/app/src/endpoints/files/secure_utils.py - ROW === RealDictRow({'id': 1843, 'filename': 'info.json', 'filepath': 'admin/videos/689368584017637/info.json', 'uploader_id': 'admin', 'created_at': datetime.datetime(2025, 8, 15, 3, 15, 52, 850751), 'shareable': False, 'share_password': None, 'download_count': 0, 'download_limit': None, 'password_str': None})
2025-08-17 11:21:01,235 - INFO - /var/www/api/abstract_logins/app/src/endpoints/files/secure_utils.py - SEARCHMAP==={'id': 1843, 'filepath': 'admin/videos/689368584017637/info.json'}
2025-08-17 11:21:01,239 - INFO - /var/www/api/abstract_logins/app/src/endpoints/files/secure_utils.py - SEARCHMAP==={'id': 1843, 'filepath': 'admin/videos/689368584017637/info.json'}
2025-08-17 11:21:01,239 - INFO - /var/www/api/abstract_logins/app/src/endpoints/files/secure_utils.py - row == RealDictRow({'id': 1843, 'filename': 'info.json', 'filepath': 'admin/videos/689368584017637/info.json', 'uploader_id': 'admin', 'created_at': datetime.datetime(2025, 8, 15, 3, 15, 52, 850751), 'shareable': False, 'share_password': None, 'download_count': 0, 'download_limit': None, 'password_str': None})
filepath == admin/videos/689368584017637/info.json
2025-08-17 11:21:01,243 - INFO - /var/www/api/abstract_logins/app/src/endpoints/files/secure_utils.py - SEARCHMAP==={'id': 1843, 'filepath': 'admin/videos/689368584017637/info.json'}
2025-08-17 11:21:01,243 - INFO - /var/www/api/abstract_logins/app/src/endpoints/files/secure_utils.py - row == RealDictRow({'id': 1843, 'filename': 'info.json', 'filepath': 'admin/videos/689368584017637/info.json', 'uploader_id': 'admin', 'created_at': datetime.datetime(2025, 8, 15, 3, 15, 52, 850751), 'shareable': False, 'share_password': None, 'download_count': 0, 'download_limit': None, 'password_str': None})
shareable == False
2025-08-17 11:21:01,258 - INFO - /var/www/api/abstract_logins/app/src/endpoints/files/secure_utils.py - SEARCHMAP==={'id': 1855}
2025-08-17 11:21:01,265 - INFO - /var/www/api/abstract_logins/app/src/endpoints/files/secure_utils.py - ROW === RealDictRow({'id': 1855, 'filename': 'video.info.json', 'filepath': 'admin/videos/1011998794023418/video.info.json', 'uploader_id': 'admin', 'created_at': datetime.datetime(2025, 8, 15, 3, 15, 53, 32372), 'shareable': False, 'share_password': None, 'download_count': 0, 'download_limit': None, 'password_str': None})
2025-08-17 11:21:01,269 - INFO - /var/www/api/abstract_logins/app/src/endpoints/files/secure_utils.py - SEARCHMAP==={'id': 1855, 'filepath': 'admin/videos/1011998794023418/video.info.json'}
2025-08-17 11:21:01,273 - INFO - /var/www/api/abstract_logins/app/src/endpoints/files/secure_utils.py - SEARCHMAP==={'id': 1855, 'filepath': 'admin/videos/1011998794023418/video.info.json'}
2025-08-17 11:21:01,273 - INFO - /var/www/api/abstract_logins/app/src/endpoints/files/secure_utils.py - row == RealDictRow({'id': 1855, 'filename': 'video.info.json', 'filepath': 'admin/videos/1011998794023418/video.info.json', 'uploader_id': 'admin', 'created_at': datetime.datetime(2025, 8, 15, 3, 15, 53, 32372), 'shareable': False, 'share_password': None, 'download_count': 0, 'download_limit': None, 'password_str': None})
filepath == admin/videos/1011998794023418/video.info.json
2025-08-17 11:21:01,277 - INFO - /var/www/api/abstract_logins/app/src/endpoints/files/secure_utils.py - SEARCHMAP==={'id': 1855, 'filepath': 'admin/videos/1011998794023418/video.info.json'}
2025-08-17 11:21:01,277 - INFO - /var/www/api/abstract_logins/app/src/endpoints/files/secure_utils.py - row == RealDictRow({'id': 1855, 'filename': 'video.info.json', 'filepath': 'admin/videos/1011998794023418/video.info.json', 'uploader_id': 'admin', 'created_at': datetime.datetime(2025, 8, 15, 3, 15, 53, 32372), 'shareable': False, 'share_password': None, 'download_count': 0, 'download_limit': None, 'password_str': None})
shareable == False
2025-08-17 11:21:01,293 - INFO - /var/www/api/abstract_logins/app/src/endpoints/files/secure_utils.py - SEARCHMAP==={'id': 1837}
2025-08-17 11:21:01,300 - INFO - /var/www/api/abstract_logins/app/src/endpoints/files/secure_utils.py - ROW === RealDictRow({'id': 1837, 'filename': 'video.info.json', 'filepath': 'admin/DJCB1mGS1FR/video.info.json', 'uploader_id': 'admin', 'created_at': datetime.datetime(2025, 8, 9, 9, 49, 55, 534780), 'shareable': False, 'share_password': None, 'download_count': 76, 'download_limit': None, 'password_str': None})
2025-08-17 11:21:01,304 - INFO - /var/www/api/abstract_logins/app/src/endpoints/files/secure_utils.py - SEARCHMAP==={'id': 1837, 'filepath': 'admin/DJCB1mGS1FR/video.info.json'}
2025-08-17 11:21:01,309 - INFO - /var/www/api/abstract_logins/app/src/endpoints/files/secure_utils.py - SEARCHMAP==={'id': 1837, 'filepath': 'admin/DJCB1mGS1FR/video.info.json'}
2025-08-17 11:21:01,309 - INFO - /var/www/api/abstract_logins/app/src/endpoints/files/secure_utils.py - row == RealDictRow({'id': 1837, 'filename': 'video.info.json', 'filepath': 'admin/DJCB1mGS1FR/video.info.json', 'uploader_id': 'admin', 'created_at': datetime.datetime(2025, 8, 9, 9, 49, 55, 534780), 'shareable': False, 'share_password': None, 'download_count': 76, 'download_limit': None, 'password_str': None})
filepath == admin/DJCB1mGS1FR/video.info.json
2025-08-17 11:21:01,314 - INFO - /var/www/api/abstract_logins/app/src/endpoints/files/secure_utils.py - SEARCHMAP==={'id': 1837, 'filepath': 'admin/DJCB1mGS1FR/video.info.json'}
2025-08-17 11:21:01,314 - INFO - /var/www/api/abstract_logins/app/src/endpoints/files/secure_utils.py - row == RealDictRow({'id': 1837, 'filename': 'video.info.json', 'filepath': 'admin/DJCB1mGS1FR/video.info.json', 'uploader_id': 'admin', 'created_at': datetime.datetime(2025, 8, 9, 9, 49, 55, 534780), 'shareable': False, 'share_password': None, 'download_count': 76, 'download_limit': None, 'password_str': None})
shareable == False
2025-08-17 11:21:01,331 - INFO - /var/www/api/abstract_logins/app/src/endpoints/files/secure_utils.py - SEARCHMAP==={'id': 3144}
2025-08-17 11:21:01,340 - INFO - /var/www/api/abstract_logins/app/src/endpoints/files/secure_utils.py - ROW === RealDictRow({'id': 3144, 'filename': 'video.info.json', 'filepath': 'admin/u_u5iCHi0Jo/video.info.json', 'uploader_id': 'admin', 'created_at': datetime.datetime(2025, 8, 17, 9, 35, 4, 91048), 'shareable': False, 'share_password': None, 'download_count': 0, 'download_limit': None, 'password_str': None})
2025-08-17 11:21:01,344 - INFO - /var/www/api/abstract_logins/app/src/endpoints/files/secure_utils.py - SEARCHMAP==={'id': 3144, 'filepath': 'admin/u_u5iCHi0Jo/video.info.json'}
2025-08-17 11:21:01,348 - INFO - /var/www/api/abstract_logins/app/src/endpoints/files/secure_utils.py - SEARCHMAP==={'id': 3144, 'filepath': 'admin/u_u5iCHi0Jo/video.info.json'}
2025-08-17 11:21:01,348 - INFO - /var/www/api/abstract_logins/app/src/endpoints/files/secure_utils.py - row == RealDictRow({'id': 3144, 'filename': 'video.info.json', 'filepath': 'admin/u_u5iCHi0Jo/video.info.json', 'uploader_id': 'admin', 'created_at': datetime.datetime(2025, 8, 17, 9, 35, 4, 91048), 'shareable': False, 'share_password': None, 'download_count': 0, 'download_limit': None, 'password_str': None})
filepath == admin/u_u5iCHi0Jo/video.info.json
2025-08-17 11:21:01,353 - INFO - /var/www/api/abstract_logins/app/src/endpoints/files/secure_utils.py - SEARCHMAP==={'id': 3144, 'filepath': 'admin/u_u5iCHi0Jo/video.info.json'}
2025-08-17 11:21:01,353 - INFO - /var/www/api/abstract_logins/app/src/endpoints/files/secure_utils.py - row == RealDictRow({'id': 3144, 'filename': 'video.info.json', 'filepath': 'admin/u_u5iCHi0Jo/video.info.json', 'uploader_id': 'admin', 'created_at': datetime.datetime(2025, 8, 17, 9, 35, 4, 91048), 'shareable': False, 'share_password': None, 'download_count': 0, 'download_limit': None, 'password_str': None})
shareable == False
2025-08-17 11:21:05,724 - INFO - /var/www/api/abstract_logins/app/src/endpoints/files/secure_utils.py - SEARCHMAP==={'id': 2234}
2025-08-17 11:21:05,731 - INFO - /var/www/api/abstract_logins/app/src/endpoints/files/secure_utils.py - ROW === RealDictRow({'id': 2234, 'filename': 'John_Putkey_1048216740246906.mp4', 'filepath': 'admin/John_Putkey_1048216740246906.mp4', 'uploader_id': 'admin', 'created_at': datetime.datetime(2025, 8, 17, 9, 34, 58, 639980), 'shareable': False, 'share_password': None, 'download_count': 0, 'download_limit': None, 'password_str': None})
2025-08-17 11:21:05,735 - INFO - /var/www/api/abstract_logins/app/src/endpoints/files/secure_utils.py - SEARCHMAP==={'id': 2234, 'filepath': 'admin/John_Putkey_1048216740246906.mp4'}
2025-08-17 11:21:05,739 - INFO - /var/www/api/abstract_logins/app/src/endpoints/files/secure_utils.py - SEARCHMAP==={'id': 2234, 'filepath': 'admin/John_Putkey_1048216740246906.mp4'}
2025-08-17 11:21:05,739 - INFO - /var/www/api/abstract_logins/app/src/endpoints/files/secure_utils.py - row == RealDictRow({'id': 2234, 'filename': 'John_Putkey_1048216740246906.mp4', 'filepath': 'admin/John_Putkey_1048216740246906.mp4', 'uploader_id': 'admin', 'created_at': datetime.datetime(2025, 8, 17, 9, 34, 58, 639980), 'shareable': False, 'share_password': None, 'download_count': 0, 'download_limit': None, 'password_str': None})
filepath == admin/John_Putkey_1048216740246906.mp4
2025-08-17 11:21:05,743 - INFO - /var/www/api/abstract_logins/app/src/endpoints/files/secure_utils.py - SEARCHMAP==={'id': 2234, 'filepath': 'admin/John_Putkey_1048216740246906.mp4'}
2025-08-17 11:21:05,743 - INFO - /var/www/api/abstract_logins/app/src/endpoints/files/secure_utils.py - row == RealDictRow({'id': 2234, 'filename': 'John_Putkey_1048216740246906.mp4', 'filepath': 'admin/John_Putkey_1048216740246906.mp4', 'uploader_id': 'admin', 'created_at': datetime.datetime(2025, 8, 17, 9, 34, 58, 639980), 'shareable': False, 'share_password': None, 'download_count': 0, 'download_limit': None, 'password_str': None})
shareable == False
2025-08-17 11:21:05,782 - INFO - /var/www/api/abstract_logins/app/src/endpoints/files/secure_utils.py - SEARCHMAP==={'id': 2234}
2025-08-17 11:21:05,790 - INFO - /var/www/api/abstract_logins/app/src/endpoints/files/secure_utils.py - ROW === RealDictRow({'id': 2234, 'filename': 'John_Putkey_1048216740246906.mp4', 'filepath': 'admin/John_Putkey_1048216740246906.mp4', 'uploader_id': 'admin', 'created_at': datetime.datetime(2025, 8, 17, 9, 34, 58, 639980), 'shareable': False, 'share_password': None, 'download_count': 0, 'download_limit': None, 'password_str': None})
2025-08-17 11:21:05,794 - INFO - /var/www/api/abstract_logins/app/src/endpoints/files/secure_utils.py - SEARCHMAP==={'id': 2234, 'filepath': 'admin/John_Putkey_1048216740246906.mp4'}
2025-08-17 11:21:05,798 - INFO - /var/www/api/abstract_logins/app/src/endpoints/files/secure_utils.py - SEARCHMAP==={'id': 2234, 'filepath': 'admin/John_Putkey_1048216740246906.mp4'}
2025-08-17 11:21:05,798 - INFO - /var/www/api/abstract_logins/app/src/endpoints/files/secure_utils.py - row == RealDictRow({'id': 2234, 'filename': 'John_Putkey_1048216740246906.mp4', 'filepath': 'admin/John_Putkey_1048216740246906.mp4', 'uploader_id': 'admin', 'created_at': datetime.datetime(2025, 8, 17, 9, 34, 58, 639980), 'shareable': False, 'share_password': None, 'download_count': 0, 'download_limit': None, 'password_str': None})
filepath == admin/John_Putkey_1048216740246906.mp4
2025-08-17 11:21:05,801 - INFO - /var/www/api/abstract_logins/app/src/endpoints/files/secure_utils.py - SEARCHMAP==={'id': 2234, 'filepath': 'admin/John_Putkey_1048216740246906.mp4'}
2025-08-17 11:21:05,802 - INFO - /var/www/api/abstract_logins/app/src/endpoints/files/secure_utils.py - row == RealDictRow({'id': 2234, 'filename': 'John_Putkey_1048216740246906.mp4', 'filepath': 'admin/John_Putkey_1048216740246906.mp4', 'uploader_id': 'admin', 'created_at': datetime.datetime(2025, 8, 17, 9, 34, 58, 639980), 'shareable': False, 'share_password': None, 'download_count': 0, 'download_limit': None, 'password_str': None})
shareable == False
