2025-08-17 11:22:31,342 - ERROR - /home/solcatcher/miniconda/envs/solcatcher/lib/python3.12/site-packages/abstract_utilities/log_utils.py - ERROR: None
calling_function: removFile
path: /var/www/api/abstract_logins/app/src/endpoints/files/routes/secure_delete.py
data: None
2025-08-17 11:22:31,350 - ERROR - /home/solcatcher/miniconda/envs/solcatcher/lib/python3.12/site-packages/abstract_utilities/log_utils.py - ERROR: None
calling_function: removFile
path: /var/www/api/abstract_logins/app/src/endpoints/files/routes/secure_delete.py
data: None
2025-08-17 11:22:31,357 - ERROR - /home/solcatcher/miniconda/envs/solcatcher/lib/python3.12/site-packages/abstract_utilities/log_utils.py - ERROR: None
calling_function: removFile
path: /var/www/api/abstract_logins/app/src/endpoints/files/routes/secure_delete.py
data: None
2025-08-17 11:22:31,365 - ERROR - /home/solcatcher/miniconda/envs/solcatcher/lib/python3.12/site-packages/abstract_utilities/log_utils.py - ERROR: None
calling_function: removFile
path: /var/www/api/abstract_logins/app/src/endpoints/files/routes/secure_delete.py
data: None
2025-08-17 11:22:31,373 - ERROR - /home/solcatcher/miniconda/envs/solcatcher/lib/python3.12/site-packages/abstract_utilities/log_utils.py - ERROR: None
calling_function: removFile
path: /var/www/api/abstract_logins/app/src/endpoints/files/routes/secure_delete.py
data: None
2025-08-17 11:22:31,380 - ERROR - /home/solcatcher/miniconda/envs/solcatcher/lib/python3.12/site-packages/abstract_utilities/log_utils.py - ERROR: None
calling_function: removFile
path: /var/www/api/abstract_logins/app/src/endpoints/files/routes/secure_delete.py
data: None
2025-08-17 11:22:31,389 - ERROR - /home/solcatcher/miniconda/envs/solcatcher/lib/python3.12/site-packages/abstract_utilities/log_utils.py - ERROR: None
calling_function: removFile
path: /var/www/api/abstract_logins/app/src/endpoints/files/routes/secure_delete.py
data: None
2025-08-17 11:22:31,397 - ERROR - /home/solcatcher/miniconda/envs/solcatcher/lib/python3.12/site-packages/abstract_utilities/log_utils.py - ERROR: None
calling_function: removFile
path: /var/www/api/abstract_logins/app/src/endpoints/files/routes/secure_delete.py
data: None
2025-08-17 11:22:31,405 - ERROR - /home/solcatcher/miniconda/envs/solcatcher/lib/python3.12/site-packages/abstract_utilities/log_utils.py - ERROR: None
calling_function: removFile
path: /var/www/api/abstract_logins/app/src/endpoints/files/routes/secure_delete.py
data: None
2025-08-17 11:22:31,413 - ERROR - /home/solcatcher/miniconda/envs/solcatcher/lib/python3.12/site-packages/abstract_utilities/log_utils.py - ERROR: None
calling_function: removFile
path: /var/www/api/abstract_logins/app/src/endpoints/files/routes/secure_delete.py
data: None
2025-08-17 11:22:31,420 - ERROR - /home/solcatcher/miniconda/envs/solcatcher/lib/python3.12/site-packages/abstract_utilities/log_utils.py - ERROR: None
calling_function: removFile
path: /var/www/api/abstract_logins/app/src/endpoints/files/routes/secure_delete.py
data: None
2025-08-17 11:22:31,428 - ERROR - /home/solcatcher/miniconda/envs/solcatcher/lib/python3.12/site-packages/abstract_utilities/log_utils.py - ERROR: None
calling_function: removFile
path: /var/www/api/abstract_logins/app/src/endpoints/files/routes/secure_delete.py
data: None
2025-08-17 11:22:31,437 - ERROR - /home/solcatcher/miniconda/envs/solcatcher/lib/python3.12/site-packages/abstract_utilities/log_utils.py - ERROR: None
calling_function: removFile
path: /var/www/api/abstract_logins/app/src/endpoints/files/routes/secure_delete.py
data: None
2025-08-17 11:22:31,445 - ERROR - /home/solcatcher/miniconda/envs/solcatcher/lib/python3.12/site-packages/abstract_utilities/log_utils.py - ERROR: None
calling_function: removFile
path: /var/www/api/abstract_logins/app/src/endpoints/files/routes/secure_delete.py
data: None
2025-08-17 11:22:31,453 - ERROR - /home/solcatcher/miniconda/envs/solcatcher/lib/python3.12/site-packages/abstract_utilities/log_utils.py - ERROR: None
calling_function: removFile
path: /var/www/api/abstract_logins/app/src/endpoints/files/routes/secure_delete.py
data: None
2025-08-17 11:22:31,461 - ERROR - /home/solcatcher/miniconda/envs/solcatcher/lib/python3.12/site-packages/abstract_utilities/log_utils.py - ERROR: None
calling_function: removFile
path: /var/www/api/abstract_logins/app/src/endpoints/files/routes/secure_delete.py
data: None
2025-08-17 11:22:31,469 - ERROR - /home/solcatcher/miniconda/envs/solcatcher/lib/python3.12/site-packages/abstract_utilities/log_utils.py - ERROR: None
calling_function: removFile
path: /var/www/api/abstract_logins/app/src/endpoints/files/routes/secure_delete.py
data: None
2025-08-17 11:22:31,477 - ERROR - /home/solcatcher/miniconda/envs/solcatcher/lib/python3.12/site-packages/abstract_utilities/log_utils.py - ERROR: None
calling_function: removFile
path: /var/www/api/abstract_logins/app/src/endpoints/files/routes/secure_delete.py
data: None
2025-08-17 11:22:31,487 - ERROR - /home/solcatcher/miniconda/envs/solcatcher/lib/python3.12/site-packages/abstract_utilities/log_utils.py - ERROR: None
calling_function: removFile
path: /var/www/api/abstract_logins/app/src/endpoints/files/routes/secure_delete.py
data: None
2025-08-17 11:22:31,495 - ERROR - /home/solcatcher/miniconda/envs/solcatcher/lib/python3.12/site-packages/abstract_utilities/log_utils.py - ERROR: None
calling_function: removFile
path: /var/www/api/abstract_logins/app/src/endpoints/files/routes/secure_delete.py
data: None
2025-08-17 11:22:31,504 - ERROR - /home/solcatcher/miniconda/envs/solcatcher/lib/python3.12/site-packages/abstract_utilities/log_utils.py - ERROR: None
calling_function: removFile
path: /var/www/api/abstract_logins/app/src/endpoints/files/routes/secure_delete.py
data: None
2025-08-17 11:22:31,512 - ERROR - /home/solcatcher/miniconda/envs/solcatcher/lib/python3.12/site-packages/abstract_utilities/log_utils.py - ERROR: None
calling_function: removFile
path: /var/www/api/abstract_logins/app/src/endpoints/files/routes/secure_delete.py
data: None
2025-08-17 11:22:31,520 - ERROR - /home/solcatcher/miniconda/envs/solcatcher/lib/python3.12/site-packages/abstract_utilities/log_utils.py - ERROR: None
calling_function: removFile
path: /var/www/api/abstract_logins/app/src/endpoints/files/routes/secure_delete.py
data: None
2025-08-17 11:22:31,528 - ERROR - /home/solcatcher/miniconda/envs/solcatcher/lib/python3.12/site-packages/abstract_utilities/log_utils.py - ERROR: None
calling_function: removFile
path: /var/www/api/abstract_logins/app/src/endpoints/files/routes/secure_delete.py
data: None
2025-08-17 11:22:31,536 - ERROR - /home/solcatcher/miniconda/envs/solcatcher/lib/python3.12/site-packages/abstract_utilities/log_utils.py - ERROR: None
calling_function: removFile
path: /var/www/api/abstract_logins/app/src/endpoints/files/routes/secure_delete.py
data: None
2025-08-17 11:22:31,544 - ERROR - /home/solcatcher/miniconda/envs/solcatcher/lib/python3.12/site-packages/abstract_utilities/log_utils.py - ERROR: None
calling_function: removFile
path: /var/www/api/abstract_logins/app/src/endpoints/files/routes/secure_delete.py
data: None
2025-08-17 11:22:31,551 - ERROR - /home/solcatcher/miniconda/envs/solcatcher/lib/python3.12/site-packages/abstract_utilities/log_utils.py - ERROR: None
calling_function: removFile
path: /var/www/api/abstract_logins/app/src/endpoints/files/routes/secure_delete.py
data: None
2025-08-17 11:22:31,559 - ERROR - /home/solcatcher/miniconda/envs/solcatcher/lib/python3.12/site-packages/abstract_utilities/log_utils.py - ERROR: None
calling_function: removFile
path: /var/www/api/abstract_logins/app/src/endpoints/files/routes/secure_delete.py
data: None
2025-08-17 11:22:31,567 - ERROR - /home/solcatcher/miniconda/envs/solcatcher/lib/python3.12/site-packages/abstract_utilities/log_utils.py - ERROR: None
calling_function: removFile
path: /var/www/api/abstract_logins/app/src/endpoints/files/routes/secure_delete.py
data: None
2025-08-17 11:22:31,575 - ERROR - /home/solcatcher/miniconda/envs/solcatcher/lib/python3.12/site-packages/abstract_utilities/log_utils.py - ERROR: None
calling_function: removFile
path: /var/www/api/abstract_logins/app/src/endpoints/files/routes/secure_delete.py
data: None
2025-08-17 11:22:31,583 - ERROR - /home/solcatcher/miniconda/envs/solcatcher/lib/python3.12/site-packages/abstract_utilities/log_utils.py - ERROR: None
calling_function: removFile
path: /var/www/api/abstract_logins/app/src/endpoints/files/routes/secure_delete.py
data: None
2025-08-17 11:22:31,592 - ERROR - /home/solcatcher/miniconda/envs/solcatcher/lib/python3.12/site-packages/abstract_utilities/log_utils.py - ERROR: None
calling_function: removFile
path: /var/www/api/abstract_logins/app/src/endpoints/files/routes/secure_delete.py
data: None
2025-08-17 11:22:31,600 - ERROR - /home/solcatcher/miniconda/envs/solcatcher/lib/python3.12/site-packages/abstract_utilities/log_utils.py - ERROR: None
calling_function: removFile
path: /var/www/api/abstract_logins/app/src/endpoints/files/routes/secure_delete.py
data: None
2025-08-17 11:22:31,608 - ERROR - /home/solcatcher/miniconda/envs/solcatcher/lib/python3.12/site-packages/abstract_utilities/log_utils.py - ERROR: None
calling_function: removFile
path: /var/www/api/abstract_logins/app/src/endpoints/files/routes/secure_delete.py
data: None
2025-08-17 11:22:31,616 - ERROR - /home/solcatcher/miniconda/envs/solcatcher/lib/python3.12/site-packages/abstract_utilities/log_utils.py - ERROR: None
calling_function: removFile
path: /var/www/api/abstract_logins/app/src/endpoints/files/routes/secure_delete.py
data: None
2025-08-17 11:22:31,624 - ERROR - /home/solcatcher/miniconda/envs/solcatcher/lib/python3.12/site-packages/abstract_utilities/log_utils.py - ERROR: None
calling_function: removFile
path: /var/www/api/abstract_logins/app/src/endpoints/files/routes/secure_delete.py
data: None
2025-08-17 11:22:31,633 - ERROR - /home/solcatcher/miniconda/envs/solcatcher/lib/python3.12/site-packages/abstract_utilities/log_utils.py - ERROR: None
calling_function: removFile
path: /var/www/api/abstract_logins/app/src/endpoints/files/routes/secure_delete.py
data: None
2025-08-17 11:22:31,642 - ERROR - /home/solcatcher/miniconda/envs/solcatcher/lib/python3.12/site-packages/abstract_utilities/log_utils.py - ERROR: None
calling_function: removFile
path: /var/www/api/abstract_logins/app/src/endpoints/files/routes/secure_delete.py
data: None
2025-08-17 11:22:31,650 - ERROR - /home/solcatcher/miniconda/envs/solcatcher/lib/python3.12/site-packages/abstract_utilities/log_utils.py - ERROR: None
calling_function: removFile
path: /var/www/api/abstract_logins/app/src/endpoints/files/routes/secure_delete.py
data: None
2025-08-17 11:22:31,660 - ERROR - /home/solcatcher/miniconda/envs/solcatcher/lib/python3.12/site-packages/abstract_utilities/log_utils.py - ERROR: None
calling_function: removFile
path: /var/www/api/abstract_logins/app/src/endpoints/files/routes/secure_delete.py
data: None
2025-08-17 11:22:31,669 - ERROR - /home/solcatcher/miniconda/envs/solcatcher/lib/python3.12/site-packages/abstract_utilities/log_utils.py - ERROR: None
calling_function: removFile
path: /var/www/api/abstract_logins/app/src/endpoints/files/routes/secure_delete.py
data: None
2025-08-17 11:22:31,677 - ERROR - /home/solcatcher/miniconda/envs/solcatcher/lib/python3.12/site-packages/abstract_utilities/log_utils.py - ERROR: None
calling_function: removFile
path: /var/www/api/abstract_logins/app/src/endpoints/files/routes/secure_delete.py
data: None
2025-08-17 11:22:31,685 - ERROR - /home/solcatcher/miniconda/envs/solcatcher/lib/python3.12/site-packages/abstract_utilities/log_utils.py - ERROR: None
calling_function: removFile
path: /var/www/api/abstract_logins/app/src/endpoints/files/routes/secure_delete.py
data: None
2025-08-17 11:22:31,693 - ERROR - /home/solcatcher/miniconda/envs/solcatcher/lib/python3.12/site-packages/abstract_utilities/log_utils.py - ERROR: None
calling_function: removFile
path: /var/www/api/abstract_logins/app/src/endpoints/files/routes/secure_delete.py
data: None
2025-08-17 11:22:31,702 - ERROR - /home/solcatcher/miniconda/envs/solcatcher/lib/python3.12/site-packages/abstract_utilities/log_utils.py - ERROR: None
calling_function: removFile
path: /var/www/api/abstract_logins/app/src/endpoints/files/routes/secure_delete.py
data: None
2025-08-17 11:22:31,710 - ERROR - /home/solcatcher/miniconda/envs/solcatcher/lib/python3.12/site-packages/abstract_utilities/log_utils.py - ERROR: None
calling_function: removFile
path: /var/www/api/abstract_logins/app/src/endpoints/files/routes/secure_delete.py
data: None
2025-08-17 11:22:31,717 - ERROR - /home/solcatcher/miniconda/envs/solcatcher/lib/python3.12/site-packages/abstract_utilities/log_utils.py - ERROR: None
calling_function: removFile
path: /var/www/api/abstract_logins/app/src/endpoints/files/routes/secure_delete.py
data: None
2025-08-17 11:22:31,725 - ERROR - /home/solcatcher/miniconda/envs/solcatcher/lib/python3.12/site-packages/abstract_utilities/log_utils.py - ERROR: None
calling_function: removFile
path: /var/www/api/abstract_logins/app/src/endpoints/files/routes/secure_delete.py
data: None
2025-08-17 11:22:31,734 - ERROR - /home/solcatcher/miniconda/envs/solcatcher/lib/python3.12/site-packages/abstract_utilities/log_utils.py - ERROR: None
calling_function: removFile
path: /var/www/api/abstract_logins/app/src/endpoints/files/routes/secure_delete.py
data: None
2025-08-17 11:22:31,742 - ERROR - /home/solcatcher/miniconda/envs/solcatcher/lib/python3.12/site-packages/abstract_utilities/log_utils.py - ERROR: None
calling_function: removFile
path: /var/www/api/abstract_logins/app/src/endpoints/files/routes/secure_delete.py
data: None
2025-08-17 11:22:31,750 - ERROR - /home/solcatcher/miniconda/envs/solcatcher/lib/python3.12/site-packages/abstract_utilities/log_utils.py - ERROR: None
calling_function: removFile
path: /var/www/api/abstract_logins/app/src/endpoints/files/routes/secure_delete.py
data: None
2025-08-17 11:22:31,758 - ERROR - /home/solcatcher/miniconda/envs/solcatcher/lib/python3.12/site-packages/abstract_utilities/log_utils.py - ERROR: None
calling_function: removFile
path: /var/www/api/abstract_logins/app/src/endpoints/files/routes/secure_delete.py
data: None
2025-08-17 11:22:31,766 - ERROR - /home/solcatcher/miniconda/envs/solcatcher/lib/python3.12/site-packages/abstract_utilities/log_utils.py - ERROR: None
calling_function: removFile
path: /var/www/api/abstract_logins/app/src/endpoints/files/routes/secure_delete.py
data: None
2025-08-17 11:22:31,774 - ERROR - /home/solcatcher/miniconda/envs/solcatcher/lib/python3.12/site-packages/abstract_utilities/log_utils.py - ERROR: None
calling_function: removFile
path: /var/www/api/abstract_logins/app/src/endpoints/files/routes/secure_delete.py
data: None
2025-08-17 11:22:31,782 - ERROR - /home/solcatcher/miniconda/envs/solcatcher/lib/python3.12/site-packages/abstract_utilities/log_utils.py - ERROR: None
calling_function: removFile
path: /var/www/api/abstract_logins/app/src/endpoints/files/routes/secure_delete.py
data: None
2025-08-17 11:22:31,790 - ERROR - /home/solcatcher/miniconda/envs/solcatcher/lib/python3.12/site-packages/abstract_utilities/log_utils.py - ERROR: None
calling_function: removFile
path: /var/www/api/abstract_logins/app/src/endpoints/files/routes/secure_delete.py
data: None
2025-08-17 11:22:31,798 - ERROR - /home/solcatcher/miniconda/envs/solcatcher/lib/python3.12/site-packages/abstract_utilities/log_utils.py - ERROR: None
calling_function: removFile
path: /var/www/api/abstract_logins/app/src/endpoints/files/routes/secure_delete.py
data: None
2025-08-17 11:22:31,805 - ERROR - /home/solcatcher/miniconda/envs/solcatcher/lib/python3.12/site-packages/abstract_utilities/log_utils.py - ERROR: None
calling_function: removFile
path: /var/www/api/abstract_logins/app/src/endpoints/files/routes/secure_delete.py
data: None
2025-08-17 11:22:31,814 - ERROR - /home/solcatcher/miniconda/envs/solcatcher/lib/python3.12/site-packages/abstract_utilities/log_utils.py - ERROR: None
calling_function: removFile
path: /var/www/api/abstract_logins/app/src/endpoints/files/routes/secure_delete.py
data: None
2025-08-17 11:22:31,822 - ERROR - /home/solcatcher/miniconda/envs/solcatcher/lib/python3.12/site-packages/abstract_utilities/log_utils.py - ERROR: None
calling_function: removFile
path: /var/www/api/abstract_logins/app/src/endpoints/files/routes/secure_delete.py
data: None
2025-08-17 11:22:31,829 - ERROR - /home/solcatcher/miniconda/envs/solcatcher/lib/python3.12/site-packages/abstract_utilities/log_utils.py - ERROR: None
calling_function: removFile
path: /var/www/api/abstract_logins/app/src/endpoints/files/routes/secure_delete.py
data: None
2025-08-17 11:22:31,838 - ERROR - /home/solcatcher/miniconda/envs/solcatcher/lib/python3.12/site-packages/abstract_utilities/log_utils.py - ERROR: None
calling_function: removFile
path: /var/www/api/abstract_logins/app/src/endpoints/files/routes/secure_delete.py
data: None
2025-08-17 11:22:31,845 - ERROR - /home/solcatcher/miniconda/envs/solcatcher/lib/python3.12/site-packages/abstract_utilities/log_utils.py - ERROR: None
calling_function: removFile
path: /var/www/api/abstract_logins/app/src/endpoints/files/routes/secure_delete.py
data: None
2025-08-17 11:22:31,853 - ERROR - /home/solcatcher/miniconda/envs/solcatcher/lib/python3.12/site-packages/abstract_utilities/log_utils.py - ERROR: None
calling_function: removFile
path: /var/www/api/abstract_logins/app/src/endpoints/files/routes/secure_delete.py
data: None
2025-08-17 11:22:31,862 - ERROR - /home/solcatcher/miniconda/envs/solcatcher/lib/python3.12/site-packages/abstract_utilities/log_utils.py - ERROR: None
calling_function: removFile
path: /var/www/api/abstract_logins/app/src/endpoints/files/routes/secure_delete.py
data: None
2025-08-17 11:22:31,870 - ERROR - /home/solcatcher/miniconda/envs/solcatcher/lib/python3.12/site-packages/abstract_utilities/log_utils.py - ERROR: None
calling_function: removFile
path: /var/www/api/abstract_logins/app/src/endpoints/files/routes/secure_delete.py
data: None
2025-08-17 11:22:31,878 - ERROR - /home/solcatcher/miniconda/envs/solcatcher/lib/python3.12/site-packages/abstract_utilities/log_utils.py - ERROR: None
calling_function: removFile
path: /var/www/api/abstract_logins/app/src/endpoints/files/routes/secure_delete.py
data: None
2025-08-17 11:22:31,886 - ERROR - /home/solcatcher/miniconda/envs/solcatcher/lib/python3.12/site-packages/abstract_utilities/log_utils.py - ERROR: None
calling_function: removFile
path: /var/www/api/abstract_logins/app/src/endpoints/files/routes/secure_delete.py
data: None
2025-08-17 11:22:31,894 - ERROR - /home/solcatcher/miniconda/envs/solcatcher/lib/python3.12/site-packages/abstract_utilities/log_utils.py - ERROR: None
calling_function: removFile
path: /var/www/api/abstract_logins/app/src/endpoints/files/routes/secure_delete.py
data: None
2025-08-17 11:22:31,902 - ERROR - /home/solcatcher/miniconda/envs/solcatcher/lib/python3.12/site-packages/abstract_utilities/log_utils.py - ERROR: None
calling_function: removFile
path: /var/www/api/abstract_logins/app/src/endpoints/files/routes/secure_delete.py
data: None
2025-08-17 11:22:31,910 - ERROR - /home/solcatcher/miniconda/envs/solcatcher/lib/python3.12/site-packages/abstract_utilities/log_utils.py - ERROR: None
calling_function: removFile
path: /var/www/api/abstract_logins/app/src/endpoints/files/routes/secure_delete.py
data: None
2025-08-17 11:22:31,918 - ERROR - /home/solcatcher/miniconda/envs/solcatcher/lib/python3.12/site-packages/abstract_utilities/log_utils.py - ERROR: None
calling_function: removFile
path: /var/www/api/abstract_logins/app/src/endpoints/files/routes/secure_delete.py
data: None
2025-08-17 11:22:31,926 - ERROR - /home/solcatcher/miniconda/envs/solcatcher/lib/python3.12/site-packages/abstract_utilities/log_utils.py - ERROR: None
calling_function: removFile
path: /var/www/api/abstract_logins/app/src/endpoints/files/routes/secure_delete.py
data: None
2025-08-17 11:22:31,934 - ERROR - /home/solcatcher/miniconda/envs/solcatcher/lib/python3.12/site-packages/abstract_utilities/log_utils.py - ERROR: None
calling_function: removFile
path: /var/www/api/abstract_logins/app/src/endpoints/files/routes/secure_delete.py
data: None
2025-08-17 11:22:31,942 - ERROR - /home/solcatcher/miniconda/envs/solcatcher/lib/python3.12/site-packages/abstract_utilities/log_utils.py - ERROR: None
calling_function: removFile
path: /var/www/api/abstract_logins/app/src/endpoints/files/routes/secure_delete.py
data: None
2025-08-17 11:22:31,949 - ERROR - /home/solcatcher/miniconda/envs/solcatcher/lib/python3.12/site-packages/abstract_utilities/log_utils.py - ERROR: None
calling_function: removFile
path: /var/www/api/abstract_logins/app/src/endpoints/files/routes/secure_delete.py
data: None
2025-08-17 11:22:31,957 - ERROR - /home/solcatcher/miniconda/envs/solcatcher/lib/python3.12/site-packages/abstract_utilities/log_utils.py - ERROR: None
calling_function: removFile
path: /var/www/api/abstract_logins/app/src/endpoints/files/routes/secure_delete.py
data: None
2025-08-17 11:22:31,965 - ERROR - /home/solcatcher/miniconda/envs/solcatcher/lib/python3.12/site-packages/abstract_utilities/log_utils.py - ERROR: None
calling_function: removFile
path: /var/www/api/abstract_logins/app/src/endpoints/files/routes/secure_delete.py
data: None
2025-08-17 11:22:31,973 - ERROR - /home/solcatcher/miniconda/envs/solcatcher/lib/python3.12/site-packages/abstract_utilities/log_utils.py - ERROR: None
calling_function: removFile
path: /var/www/api/abstract_logins/app/src/endpoints/files/routes/secure_delete.py
data: None
2025-08-17 11:22:31,981 - ERROR - /home/solcatcher/miniconda/envs/solcatcher/lib/python3.12/site-packages/abstract_utilities/log_utils.py - ERROR: None
calling_function: removFile
path: /var/www/api/abstract_logins/app/src/endpoints/files/routes/secure_delete.py
data: None
2025-08-17 11:22:31,989 - ERROR - /home/solcatcher/miniconda/envs/solcatcher/lib/python3.12/site-packages/abstract_utilities/log_utils.py - ERROR: None
calling_function: removFile
path: /var/www/api/abstract_logins/app/src/endpoints/files/routes/secure_delete.py
data: None
2025-08-17 11:22:31,997 - ERROR - /home/solcatcher/miniconda/envs/solcatcher/lib/python3.12/site-packages/abstract_utilities/log_utils.py - ERROR: None
calling_function: removFile
path: /var/www/api/abstract_logins/app/src/endpoints/files/routes/secure_delete.py
data: None
2025-08-17 11:22:32,005 - ERROR - /home/solcatcher/miniconda/envs/solcatcher/lib/python3.12/site-packages/abstract_utilities/log_utils.py - ERROR: None
calling_function: removFile
path: /var/www/api/abstract_logins/app/src/endpoints/files/routes/secure_delete.py
data: None
2025-08-17 11:22:32,013 - ERROR - /home/solcatcher/miniconda/envs/solcatcher/lib/python3.12/site-packages/abstract_utilities/log_utils.py - ERROR: None
calling_function: removFile
path: /var/www/api/abstract_logins/app/src/endpoints/files/routes/secure_delete.py
data: None
2025-08-17 11:22:32,021 - ERROR - /home/solcatcher/miniconda/envs/solcatcher/lib/python3.12/site-packages/abstract_utilities/log_utils.py - ERROR: None
calling_function: removFile
path: /var/www/api/abstract_logins/app/src/endpoints/files/routes/secure_delete.py
data: None
2025-08-17 11:22:32,029 - ERROR - /home/solcatcher/miniconda/envs/solcatcher/lib/python3.12/site-packages/abstract_utilities/log_utils.py - ERROR: None
calling_function: removFile
path: /var/www/api/abstract_logins/app/src/endpoints/files/routes/secure_delete.py
data: None
2025-08-17 11:22:32,037 - ERROR - /home/solcatcher/miniconda/envs/solcatcher/lib/python3.12/site-packages/abstract_utilities/log_utils.py - ERROR: None
calling_function: removFile
path: /var/www/api/abstract_logins/app/src/endpoints/files/routes/secure_delete.py
data: None
2025-08-17 11:22:32,045 - ERROR - /home/solcatcher/miniconda/envs/solcatcher/lib/python3.12/site-packages/abstract_utilities/log_utils.py - ERROR: None
calling_function: removFile
path: /var/www/api/abstract_logins/app/src/endpoints/files/routes/secure_delete.py
data: None
2025-08-17 11:22:32,053 - ERROR - /home/solcatcher/miniconda/envs/solcatcher/lib/python3.12/site-packages/abstract_utilities/log_utils.py - ERROR: None
calling_function: removFile
path: /var/www/api/abstract_logins/app/src/endpoints/files/routes/secure_delete.py
data: None
2025-08-17 11:22:32,060 - ERROR - /home/solcatcher/miniconda/envs/solcatcher/lib/python3.12/site-packages/abstract_utilities/log_utils.py - ERROR: None
calling_function: removFile
path: /var/www/api/abstract_logins/app/src/endpoints/files/routes/secure_delete.py
data: None
2025-08-17 11:22:32,068 - ERROR - /home/solcatcher/miniconda/envs/solcatcher/lib/python3.12/site-packages/abstract_utilities/log_utils.py - ERROR: None
calling_function: removFile
path: /var/www/api/abstract_logins/app/src/endpoints/files/routes/secure_delete.py
data: None
2025-08-17 11:22:32,076 - ERROR - /home/solcatcher/miniconda/envs/solcatcher/lib/python3.12/site-packages/abstract_utilities/log_utils.py - ERROR: None
calling_function: removFile
path: /var/www/api/abstract_logins/app/src/endpoints/files/routes/secure_delete.py
data: None
2025-08-17 11:22:32,084 - ERROR - /home/solcatcher/miniconda/envs/solcatcher/lib/python3.12/site-packages/abstract_utilities/log_utils.py - ERROR: None
calling_function: removFile
path: /var/www/api/abstract_logins/app/src/endpoints/files/routes/secure_delete.py
data: None
2025-08-17 11:22:32,092 - ERROR - /home/solcatcher/miniconda/envs/solcatcher/lib/python3.12/site-packages/abstract_utilities/log_utils.py - ERROR: None
calling_function: removFile
path: /var/www/api/abstract_logins/app/src/endpoints/files/routes/secure_delete.py
data: None
2025-08-17 11:22:32,100 - ERROR - /home/solcatcher/miniconda/envs/solcatcher/lib/python3.12/site-packages/abstract_utilities/log_utils.py - ERROR: None
calling_function: removFile
path: /var/www/api/abstract_logins/app/src/endpoints/files/routes/secure_delete.py
data: None
2025-08-17 11:22:32,108 - ERROR - /home/solcatcher/miniconda/envs/solcatcher/lib/python3.12/site-packages/abstract_utilities/log_utils.py - ERROR: None
calling_function: removFile
path: /var/www/api/abstract_logins/app/src/endpoints/files/routes/secure_delete.py
data: None
2025-08-17 11:22:32,116 - ERROR - /home/solcatcher/miniconda/envs/solcatcher/lib/python3.12/site-packages/abstract_utilities/log_utils.py - ERROR: None
calling_function: removFile
path: /var/www/api/abstract_logins/app/src/endpoints/files/routes/secure_delete.py
data: None
2025-08-17 11:22:32,124 - ERROR - /home/solcatcher/miniconda/envs/solcatcher/lib/python3.12/site-packages/abstract_utilities/log_utils.py - ERROR: None
calling_function: removFile
path: /var/www/api/abstract_logins/app/src/endpoints/files/routes/secure_delete.py
data: None
2025-08-17 11:22:32,132 - ERROR - /home/solcatcher/miniconda/envs/solcatcher/lib/python3.12/site-packages/abstract_utilities/log_utils.py - ERROR: None
calling_function: removFile
path: /var/www/api/abstract_logins/app/src/endpoints/files/routes/secure_delete.py
data: None
2025-08-17 11:22:32,139 - ERROR - /home/solcatcher/miniconda/envs/solcatcher/lib/python3.12/site-packages/abstract_utilities/log_utils.py - ERROR: None
calling_function: removFile
path: /var/www/api/abstract_logins/app/src/endpoints/files/routes/secure_delete.py
data: None
2025-08-17 11:22:32,147 - ERROR - /home/solcatcher/miniconda/envs/solcatcher/lib/python3.12/site-packages/abstract_utilities/log_utils.py - ERROR: None
calling_function: removFile
path: /var/www/api/abstract_logins/app/src/endpoints/files/routes/secure_delete.py
data: None
2025-08-17 11:22:32,155 - ERROR - /home/solcatcher/miniconda/envs/solcatcher/lib/python3.12/site-packages/abstract_utilities/log_utils.py - ERROR: None
calling_function: removFile
path: /var/www/api/abstract_logins/app/src/endpoints/files/routes/secure_delete.py
data: None
2025-08-17 11:22:32,163 - ERROR - /home/solcatcher/miniconda/envs/solcatcher/lib/python3.12/site-packages/abstract_utilities/log_utils.py - ERROR: None
calling_function: removFile
path: /var/www/api/abstract_logins/app/src/endpoints/files/routes/secure_delete.py
data: None
2025-08-17 11:22:32,171 - ERROR - /home/solcatcher/miniconda/envs/solcatcher/lib/python3.12/site-packages/abstract_utilities/log_utils.py - ERROR: None
calling_function: removFile
path: /var/www/api/abstract_logins/app/src/endpoints/files/routes/secure_delete.py
data: None
2025-08-17 11:22:32,179 - ERROR - /home/solcatcher/miniconda/envs/solcatcher/lib/python3.12/site-packages/abstract_utilities/log_utils.py - ERROR: None
calling_function: removFile
path: /var/www/api/abstract_logins/app/src/endpoints/files/routes/secure_delete.py
data: None
2025-08-17 11:22:32,187 - ERROR - /home/solcatcher/miniconda/envs/solcatcher/lib/python3.12/site-packages/abstract_utilities/log_utils.py - ERROR: None
calling_function: removFile
path: /var/www/api/abstract_logins/app/src/endpoints/files/routes/secure_delete.py
data: None
2025-08-17 11:22:32,195 - ERROR - /home/solcatcher/miniconda/envs/solcatcher/lib/python3.12/site-packages/abstract_utilities/log_utils.py - ERROR: None
calling_function: removFile
path: /var/www/api/abstract_logins/app/src/endpoints/files/routes/secure_delete.py
data: None
2025-08-17 11:22:32,204 - ERROR - /home/solcatcher/miniconda/envs/solcatcher/lib/python3.12/site-packages/abstract_utilities/log_utils.py - ERROR: None
calling_function: removFile
path: /var/www/api/abstract_logins/app/src/endpoints/files/routes/secure_delete.py
data: None
2025-08-17 11:22:32,212 - ERROR - /home/solcatcher/miniconda/envs/solcatcher/lib/python3.12/site-packages/abstract_utilities/log_utils.py - ERROR: None
calling_function: removFile
path: /var/www/api/abstract_logins/app/src/endpoints/files/routes/secure_delete.py
data: None
2025-08-17 11:22:32,219 - ERROR - /home/solcatcher/miniconda/envs/solcatcher/lib/python3.12/site-packages/abstract_utilities/log_utils.py - ERROR: None
calling_function: removFile
path: /var/www/api/abstract_logins/app/src/endpoints/files/routes/secure_delete.py
data: None
2025-08-17 11:22:32,227 - ERROR - /home/solcatcher/miniconda/envs/solcatcher/lib/python3.12/site-packages/abstract_utilities/log_utils.py - ERROR: None
calling_function: removFile
path: /var/www/api/abstract_logins/app/src/endpoints/files/routes/secure_delete.py
data: None
2025-08-17 11:22:32,235 - ERROR - /home/solcatcher/miniconda/envs/solcatcher/lib/python3.12/site-packages/abstract_utilities/log_utils.py - ERROR: None
calling_function: removFile
path: /var/www/api/abstract_logins/app/src/endpoints/files/routes/secure_delete.py
data: None
2025-08-17 11:22:32,243 - ERROR - /home/solcatcher/miniconda/envs/solcatcher/lib/python3.12/site-packages/abstract_utilities/log_utils.py - ERROR: None
calling_function: removFile
path: /var/www/api/abstract_logins/app/src/endpoints/files/routes/secure_delete.py
data: None
2025-08-17 11:22:32,251 - ERROR - /home/solcatcher/miniconda/envs/solcatcher/lib/python3.12/site-packages/abstract_utilities/log_utils.py - ERROR: None
calling_function: removFile
path: /var/www/api/abstract_logins/app/src/endpoints/files/routes/secure_delete.py
data: None
2025-08-17 11:22:32,259 - ERROR - /home/solcatcher/miniconda/envs/solcatcher/lib/python3.12/site-packages/abstract_utilities/log_utils.py - ERROR: None
calling_function: removFile
path: /var/www/api/abstract_logins/app/src/endpoints/files/routes/secure_delete.py
data: None
2025-08-17 11:22:32,267 - ERROR - /home/solcatcher/miniconda/envs/solcatcher/lib/python3.12/site-packages/abstract_utilities/log_utils.py - ERROR: None
calling_function: removFile
path: /var/www/api/abstract_logins/app/src/endpoints/files/routes/secure_delete.py
data: None
2025-08-17 11:22:32,274 - ERROR - /home/solcatcher/miniconda/envs/solcatcher/lib/python3.12/site-packages/abstract_utilities/log_utils.py - ERROR: None
calling_function: removFile
path: /var/www/api/abstract_logins/app/src/endpoints/files/routes/secure_delete.py
data: None
2025-08-17 11:22:32,282 - ERROR - /home/solcatcher/miniconda/envs/solcatcher/lib/python3.12/site-packages/abstract_utilities/log_utils.py - ERROR: None
calling_function: removFile
path: /var/www/api/abstract_logins/app/src/endpoints/files/routes/secure_delete.py
data: None
2025-08-17 11:22:32,291 - ERROR - /home/solcatcher/miniconda/envs/solcatcher/lib/python3.12/site-packages/abstract_utilities/log_utils.py - ERROR: None
calling_function: removFile
path: /var/www/api/abstract_logins/app/src/endpoints/files/routes/secure_delete.py
data: None
2025-08-17 11:22:32,299 - ERROR - /home/solcatcher/miniconda/envs/solcatcher/lib/python3.12/site-packages/abstract_utilities/log_utils.py - ERROR: None
calling_function: removFile
path: /var/www/api/abstract_logins/app/src/endpoints/files/routes/secure_delete.py
data: None
2025-08-17 11:22:32,307 - ERROR - /home/solcatcher/miniconda/envs/solcatcher/lib/python3.12/site-packages/abstract_utilities/log_utils.py - ERROR: None
calling_function: removFile
path: /var/www/api/abstract_logins/app/src/endpoints/files/routes/secure_delete.py
data: None
2025-08-17 11:22:32,314 - ERROR - /home/solcatcher/miniconda/envs/solcatcher/lib/python3.12/site-packages/abstract_utilities/log_utils.py - ERROR: None
calling_function: removFile
path: /var/www/api/abstract_logins/app/src/endpoints/files/routes/secure_delete.py
data: None
2025-08-17 11:22:32,322 - ERROR - /home/solcatcher/miniconda/envs/solcatcher/lib/python3.12/site-packages/abstract_utilities/log_utils.py - ERROR: None
calling_function: removFile
path: /var/www/api/abstract_logins/app/src/endpoints/files/routes/secure_delete.py
data: None
2025-08-17 11:22:32,330 - ERROR - /home/solcatcher/miniconda/envs/solcatcher/lib/python3.12/site-packages/abstract_utilities/log_utils.py - ERROR: None
calling_function: removFile
path: /var/www/api/abstract_logins/app/src/endpoints/files/routes/secure_delete.py
data: None
2025-08-17 11:22:32,338 - ERROR - /home/solcatcher/miniconda/envs/solcatcher/lib/python3.12/site-packages/abstract_utilities/log_utils.py - ERROR: None
calling_function: removFile
path: /var/www/api/abstract_logins/app/src/endpoints/files/routes/secure_delete.py
data: None
2025-08-17 11:22:32,347 - ERROR - /home/solcatcher/miniconda/envs/solcatcher/lib/python3.12/site-packages/abstract_utilities/log_utils.py - ERROR: None
calling_function: removFile
path: /var/www/api/abstract_logins/app/src/endpoints/files/routes/secure_delete.py
data: None
2025-08-17 11:22:32,356 - ERROR - /home/solcatcher/miniconda/envs/solcatcher/lib/python3.12/site-packages/abstract_utilities/log_utils.py - ERROR: None
calling_function: removFile
path: /var/www/api/abstract_logins/app/src/endpoints/files/routes/secure_delete.py
data: None
2025-08-17 11:22:32,364 - ERROR - /home/solcatcher/miniconda/envs/solcatcher/lib/python3.12/site-packages/abstract_utilities/log_utils.py - ERROR: None
calling_function: removFile
path: /var/www/api/abstract_logins/app/src/endpoints/files/routes/secure_delete.py
data: None
2025-08-17 11:22:32,372 - ERROR - /home/solcatcher/miniconda/envs/solcatcher/lib/python3.12/site-packages/abstract_utilities/log_utils.py - ERROR: None
calling_function: removFile
path: /var/www/api/abstract_logins/app/src/endpoints/files/routes/secure_delete.py
data: None
2025-08-17 11:22:32,380 - ERROR - /home/solcatcher/miniconda/envs/solcatcher/lib/python3.12/site-packages/abstract_utilities/log_utils.py - ERROR: None
calling_function: removFile
path: /var/www/api/abstract_logins/app/src/endpoints/files/routes/secure_delete.py
data: None
2025-08-17 11:22:32,388 - ERROR - /home/solcatcher/miniconda/envs/solcatcher/lib/python3.12/site-packages/abstract_utilities/log_utils.py - ERROR: None
calling_function: removFile
path: /var/www/api/abstract_logins/app/src/endpoints/files/routes/secure_delete.py
data: None
2025-08-17 11:22:32,395 - ERROR - /home/solcatcher/miniconda/envs/solcatcher/lib/python3.12/site-packages/abstract_utilities/log_utils.py - ERROR: None
calling_function: removFile
path: /var/www/api/abstract_logins/app/src/endpoints/files/routes/secure_delete.py
data: None
2025-08-17 11:22:32,404 - ERROR - /home/solcatcher/miniconda/envs/solcatcher/lib/python3.12/site-packages/abstract_utilities/log_utils.py - ERROR: None
calling_function: removFile
path: /var/www/api/abstract_logins/app/src/endpoints/files/routes/secure_delete.py
data: None
2025-08-17 11:22:32,412 - ERROR - /home/solcatcher/miniconda/envs/solcatcher/lib/python3.12/site-packages/abstract_utilities/log_utils.py - ERROR: None
calling_function: removFile
path: /var/www/api/abstract_logins/app/src/endpoints/files/routes/secure_delete.py
data: None
2025-08-17 11:22:32,419 - ERROR - /home/solcatcher/miniconda/envs/solcatcher/lib/python3.12/site-packages/abstract_utilities/log_utils.py - ERROR: None
calling_function: removFile
path: /var/www/api/abstract_logins/app/src/endpoints/files/routes/secure_delete.py
data: None
2025-08-17 11:22:32,427 - ERROR - /home/solcatcher/miniconda/envs/solcatcher/lib/python3.12/site-packages/abstract_utilities/log_utils.py - ERROR: None
calling_function: removFile
path: /var/www/api/abstract_logins/app/src/endpoints/files/routes/secure_delete.py
data: None
2025-08-17 11:22:32,435 - ERROR - /home/solcatcher/miniconda/envs/solcatcher/lib/python3.12/site-packages/abstract_utilities/log_utils.py - ERROR: None
calling_function: removFile
path: /var/www/api/abstract_logins/app/src/endpoints/files/routes/secure_delete.py
data: None
2025-08-17 11:22:32,443 - ERROR - /home/solcatcher/miniconda/envs/solcatcher/lib/python3.12/site-packages/abstract_utilities/log_utils.py - ERROR: None
calling_function: removFile
path: /var/www/api/abstract_logins/app/src/endpoints/files/routes/secure_delete.py
data: None
2025-08-17 11:22:32,451 - ERROR - /home/solcatcher/miniconda/envs/solcatcher/lib/python3.12/site-packages/abstract_utilities/log_utils.py - ERROR: None
calling_function: removFile
path: /var/www/api/abstract_logins/app/src/endpoints/files/routes/secure_delete.py
data: None
2025-08-17 11:22:32,458 - ERROR - /home/solcatcher/miniconda/envs/solcatcher/lib/python3.12/site-packages/abstract_utilities/log_utils.py - ERROR: None
calling_function: removFile
path: /var/www/api/abstract_logins/app/src/endpoints/files/routes/secure_delete.py
data: None
2025-08-17 11:22:32,466 - ERROR - /home/solcatcher/miniconda/envs/solcatcher/lib/python3.12/site-packages/abstract_utilities/log_utils.py - ERROR: None
calling_function: removFile
path: /var/www/api/abstract_logins/app/src/endpoints/files/routes/secure_delete.py
data: None
2025-08-17 11:22:32,474 - ERROR - /home/solcatcher/miniconda/envs/solcatcher/lib/python3.12/site-packages/abstract_utilities/log_utils.py - ERROR: None
calling_function: removFile
path: /var/www/api/abstract_logins/app/src/endpoints/files/routes/secure_delete.py
data: None
2025-08-17 11:22:32,482 - ERROR - /home/solcatcher/miniconda/envs/solcatcher/lib/python3.12/site-packages/abstract_utilities/log_utils.py - ERROR: None
calling_function: removFile
path: /var/www/api/abstract_logins/app/src/endpoints/files/routes/secure_delete.py
data: None
2025-08-17 11:22:32,490 - ERROR - /home/solcatcher/miniconda/envs/solcatcher/lib/python3.12/site-packages/abstract_utilities/log_utils.py - ERROR: None
calling_function: removFile
path: /var/www/api/abstract_logins/app/src/endpoints/files/routes/secure_delete.py
data: None
2025-08-17 11:22:32,498 - ERROR - /home/solcatcher/miniconda/envs/solcatcher/lib/python3.12/site-packages/abstract_utilities/log_utils.py - ERROR: None
calling_function: removFile
path: /var/www/api/abstract_logins/app/src/endpoints/files/routes/secure_delete.py
data: None
2025-08-17 11:22:32,505 - ERROR - /home/solcatcher/miniconda/envs/solcatcher/lib/python3.12/site-packages/abstract_utilities/log_utils.py - ERROR: None
calling_function: removFile
path: /var/www/api/abstract_logins/app/src/endpoints/files/routes/secure_delete.py
data: None
2025-08-17 11:22:32,513 - ERROR - /home/solcatcher/miniconda/envs/solcatcher/lib/python3.12/site-packages/abstract_utilities/log_utils.py - ERROR: None
calling_function: removFile
path: /var/www/api/abstract_logins/app/src/endpoints/files/routes/secure_delete.py
data: None
2025-08-17 11:22:32,521 - ERROR - /home/solcatcher/miniconda/envs/solcatcher/lib/python3.12/site-packages/abstract_utilities/log_utils.py - ERROR: None
calling_function: removFile
path: /var/www/api/abstract_logins/app/src/endpoints/files/routes/secure_delete.py
data: None
2025-08-17 11:22:32,529 - ERROR - /home/solcatcher/miniconda/envs/solcatcher/lib/python3.12/site-packages/abstract_utilities/log_utils.py - ERROR: None
calling_function: removFile
path: /var/www/api/abstract_logins/app/src/endpoints/files/routes/secure_delete.py
data: None
2025-08-17 11:22:32,537 - ERROR - /home/solcatcher/miniconda/envs/solcatcher/lib/python3.12/site-packages/abstract_utilities/log_utils.py - ERROR: None
calling_function: removFile
path: /var/www/api/abstract_logins/app/src/endpoints/files/routes/secure_delete.py
data: None
2025-08-17 11:22:32,545 - ERROR - /home/solcatcher/miniconda/envs/solcatcher/lib/python3.12/site-packages/abstract_utilities/log_utils.py - ERROR: None
calling_function: removFile
path: /var/www/api/abstract_logins/app/src/endpoints/files/routes/secure_delete.py
data: None
2025-08-17 11:22:32,553 - ERROR - /home/solcatcher/miniconda/envs/solcatcher/lib/python3.12/site-packages/abstract_utilities/log_utils.py - ERROR: None
calling_function: removFile
path: /var/www/api/abstract_logins/app/src/endpoints/files/routes/secure_delete.py
data: None
2025-08-17 11:22:32,561 - ERROR - /home/solcatcher/miniconda/envs/solcatcher/lib/python3.12/site-packages/abstract_utilities/log_utils.py - ERROR: None
calling_function: removFile
path: /var/www/api/abstract_logins/app/src/endpoints/files/routes/secure_delete.py
data: None
2025-08-17 11:22:32,569 - ERROR - /home/solcatcher/miniconda/envs/solcatcher/lib/python3.12/site-packages/abstract_utilities/log_utils.py - ERROR: None
calling_function: removFile
path: /var/www/api/abstract_logins/app/src/endpoints/files/routes/secure_delete.py
data: None
2025-08-17 11:22:32,577 - ERROR - /home/solcatcher/miniconda/envs/solcatcher/lib/python3.12/site-packages/abstract_utilities/log_utils.py - ERROR: None
calling_function: removFile
path: /var/www/api/abstract_logins/app/src/endpoints/files/routes/secure_delete.py
data: None
2025-08-17 11:22:32,585 - ERROR - /home/solcatcher/miniconda/envs/solcatcher/lib/python3.12/site-packages/abstract_utilities/log_utils.py - ERROR: None
calling_function: removFile
path: /var/www/api/abstract_logins/app/src/endpoints/files/routes/secure_delete.py
data: None
2025-08-17 11:22:32,593 - ERROR - /home/solcatcher/miniconda/envs/solcatcher/lib/python3.12/site-packages/abstract_utilities/log_utils.py - ERROR: None
calling_function: removFile
path: /var/www/api/abstract_logins/app/src/endpoints/files/routes/secure_delete.py
data: None
2025-08-17 11:22:32,601 - ERROR - /home/solcatcher/miniconda/envs/solcatcher/lib/python3.12/site-packages/abstract_utilities/log_utils.py - ERROR: None
calling_function: removFile
path: /var/www/api/abstract_logins/app/src/endpoints/files/routes/secure_delete.py
data: None
2025-08-17 11:22:32,609 - ERROR - /home/solcatcher/miniconda/envs/solcatcher/lib/python3.12/site-packages/abstract_utilities/log_utils.py - ERROR: None
calling_function: removFile
path: /var/www/api/abstract_logins/app/src/endpoints/files/routes/secure_delete.py
data: None
2025-08-17 11:22:32,617 - ERROR - /home/solcatcher/miniconda/envs/solcatcher/lib/python3.12/site-packages/abstract_utilities/log_utils.py - ERROR: None
calling_function: removFile
path: /var/www/api/abstract_logins/app/src/endpoints/files/routes/secure_delete.py
data: None
2025-08-17 11:22:32,625 - ERROR - /home/solcatcher/miniconda/envs/solcatcher/lib/python3.12/site-packages/abstract_utilities/log_utils.py - ERROR: None
calling_function: removFile
path: /var/www/api/abstract_logins/app/src/endpoints/files/routes/secure_delete.py
data: None
2025-08-17 11:22:32,633 - ERROR - /home/solcatcher/miniconda/envs/solcatcher/lib/python3.12/site-packages/abstract_utilities/log_utils.py - ERROR: None
calling_function: removFile
path: /var/www/api/abstract_logins/app/src/endpoints/files/routes/secure_delete.py
data: None
2025-08-17 11:22:32,641 - ERROR - /home/solcatcher/miniconda/envs/solcatcher/lib/python3.12/site-packages/abstract_utilities/log_utils.py - ERROR: None
calling_function: removFile
path: /var/www/api/abstract_logins/app/src/endpoints/files/routes/secure_delete.py
data: None
2025-08-17 11:22:32,650 - ERROR - /home/solcatcher/miniconda/envs/solcatcher/lib/python3.12/site-packages/abstract_utilities/log_utils.py - ERROR: None
calling_function: removFile
path: /var/www/api/abstract_logins/app/src/endpoints/files/routes/secure_delete.py
data: None
2025-08-17 11:22:32,660 - ERROR - /home/solcatcher/miniconda/envs/solcatcher/lib/python3.12/site-packages/abstract_utilities/log_utils.py - ERROR: None
calling_function: removFile
path: /var/www/api/abstract_logins/app/src/endpoints/files/routes/secure_delete.py
data: None
2025-08-17 11:22:32,668 - ERROR - /home/solcatcher/miniconda/envs/solcatcher/lib/python3.12/site-packages/abstract_utilities/log_utils.py - ERROR: None
calling_function: removFile
path: /var/www/api/abstract_logins/app/src/endpoints/files/routes/secure_delete.py
data: None
2025-08-17 11:22:32,676 - ERROR - /home/solcatcher/miniconda/envs/solcatcher/lib/python3.12/site-packages/abstract_utilities/log_utils.py - ERROR: None
calling_function: removFile
path: /var/www/api/abstract_logins/app/src/endpoints/files/routes/secure_delete.py
data: None
2025-08-17 11:22:32,684 - ERROR - /home/solcatcher/miniconda/envs/solcatcher/lib/python3.12/site-packages/abstract_utilities/log_utils.py - ERROR: None
calling_function: removFile
path: /var/www/api/abstract_logins/app/src/endpoints/files/routes/secure_delete.py
data: None
2025-08-17 11:22:32,692 - ERROR - /home/solcatcher/miniconda/envs/solcatcher/lib/python3.12/site-packages/abstract_utilities/log_utils.py - ERROR: None
calling_function: removFile
path: /var/www/api/abstract_logins/app/src/endpoints/files/routes/secure_delete.py
data: None
2025-08-17 11:22:32,699 - ERROR - /home/solcatcher/miniconda/envs/solcatcher/lib/python3.12/site-packages/abstract_utilities/log_utils.py - ERROR: None
calling_function: removFile
path: /var/www/api/abstract_logins/app/src/endpoints/files/routes/secure_delete.py
data: None
2025-08-17 11:22:32,707 - ERROR - /home/solcatcher/miniconda/envs/solcatcher/lib/python3.12/site-packages/abstract_utilities/log_utils.py - ERROR: None
calling_function: removFile
path: /var/www/api/abstract_logins/app/src/endpoints/files/routes/secure_delete.py
data: None
2025-08-17 11:22:32,715 - ERROR - /home/solcatcher/miniconda/envs/solcatcher/lib/python3.12/site-packages/abstract_utilities/log_utils.py - ERROR: None
calling_function: removFile
path: /var/www/api/abstract_logins/app/src/endpoints/files/routes/secure_delete.py
data: None
2025-08-17 11:22:32,723 - ERROR - /home/solcatcher/miniconda/envs/solcatcher/lib/python3.12/site-packages/abstract_utilities/log_utils.py - ERROR: None
calling_function: removFile
path: /var/www/api/abstract_logins/app/src/endpoints/files/routes/secure_delete.py
data: None
2025-08-17 11:22:32,731 - ERROR - /home/solcatcher/miniconda/envs/solcatcher/lib/python3.12/site-packages/abstract_utilities/log_utils.py - ERROR: None
calling_function: removFile
path: /var/www/api/abstract_logins/app/src/endpoints/files/routes/secure_delete.py
data: None
2025-08-17 11:22:32,739 - ERROR - /home/solcatcher/miniconda/envs/solcatcher/lib/python3.12/site-packages/abstract_utilities/log_utils.py - ERROR: None
calling_function: removFile
path: /var/www/api/abstract_logins/app/src/endpoints/files/routes/secure_delete.py
data: None
2025-08-17 11:22:32,747 - ERROR - /home/solcatcher/miniconda/envs/solcatcher/lib/python3.12/site-packages/abstract_utilities/log_utils.py - ERROR: None
calling_function: removFile
path: /var/www/api/abstract_logins/app/src/endpoints/files/routes/secure_delete.py
data: None
2025-08-17 11:22:32,756 - ERROR - /home/solcatcher/miniconda/envs/solcatcher/lib/python3.12/site-packages/abstract_utilities/log_utils.py - ERROR: None
calling_function: removFile
path: /var/www/api/abstract_logins/app/src/endpoints/files/routes/secure_delete.py
data: None
2025-08-17 11:22:32,765 - ERROR - /home/solcatcher/miniconda/envs/solcatcher/lib/python3.12/site-packages/abstract_utilities/log_utils.py - ERROR: None
calling_function: removFile
path: /var/www/api/abstract_logins/app/src/endpoints/files/routes/secure_delete.py
data: None
2025-08-17 11:22:32,773 - ERROR - /home/solcatcher/miniconda/envs/solcatcher/lib/python3.12/site-packages/abstract_utilities/log_utils.py - ERROR: None
calling_function: removFile
path: /var/www/api/abstract_logins/app/src/endpoints/files/routes/secure_delete.py
data: None
2025-08-17 11:22:32,781 - ERROR - /home/solcatcher/miniconda/envs/solcatcher/lib/python3.12/site-packages/abstract_utilities/log_utils.py - ERROR: None
calling_function: removFile
path: /var/www/api/abstract_logins/app/src/endpoints/files/routes/secure_delete.py
data: None
2025-08-17 11:22:32,789 - ERROR - /home/solcatcher/miniconda/envs/solcatcher/lib/python3.12/site-packages/abstract_utilities/log_utils.py - ERROR: None
calling_function: removFile
path: /var/www/api/abstract_logins/app/src/endpoints/files/routes/secure_delete.py
data: None
2025-08-17 11:22:32,797 - ERROR - /home/solcatcher/miniconda/envs/solcatcher/lib/python3.12/site-packages/abstract_utilities/log_utils.py - ERROR: None
calling_function: removFile
path: /var/www/api/abstract_logins/app/src/endpoints/files/routes/secure_delete.py
data: None
2025-08-17 11:22:32,805 - ERROR - /home/solcatcher/miniconda/envs/solcatcher/lib/python3.12/site-packages/abstract_utilities/log_utils.py - ERROR: None
calling_function: removFile
path: /var/www/api/abstract_logins/app/src/endpoints/files/routes/secure_delete.py
data: None
2025-08-17 11:22:32,813 - ERROR - /home/solcatcher/miniconda/envs/solcatcher/lib/python3.12/site-packages/abstract_utilities/log_utils.py - ERROR: None
calling_function: removFile
path: /var/www/api/abstract_logins/app/src/endpoints/files/routes/secure_delete.py
data: None
2025-08-17 11:22:32,820 - ERROR - /home/solcatcher/miniconda/envs/solcatcher/lib/python3.12/site-packages/abstract_utilities/log_utils.py - ERROR: None
calling_function: removFile
path: /var/www/api/abstract_logins/app/src/endpoints/files/routes/secure_delete.py
data: None
2025-08-17 11:22:32,830 - ERROR - /home/solcatcher/miniconda/envs/solcatcher/lib/python3.12/site-packages/abstract_utilities/log_utils.py - ERROR: None
calling_function: removFile
path: /var/www/api/abstract_logins/app/src/endpoints/files/routes/secure_delete.py
data: None
2025-08-17 11:22:32,837 - ERROR - /home/solcatcher/miniconda/envs/solcatcher/lib/python3.12/site-packages/abstract_utilities/log_utils.py - ERROR: None
calling_function: removFile
path: /var/www/api/abstract_logins/app/src/endpoints/files/routes/secure_delete.py
data: None
2025-08-17 11:22:32,846 - ERROR - /home/solcatcher/miniconda/envs/solcatcher/lib/python3.12/site-packages/abstract_utilities/log_utils.py - ERROR: None
calling_function: removFile
path: /var/www/api/abstract_logins/app/src/endpoints/files/routes/secure_delete.py
data: None
2025-08-17 11:22:32,854 - ERROR - /home/solcatcher/miniconda/envs/solcatcher/lib/python3.12/site-packages/abstract_utilities/log_utils.py - ERROR: None
calling_function: removFile
path: /var/www/api/abstract_logins/app/src/endpoints/files/routes/secure_delete.py
data: None
2025-08-17 11:22:32,862 - ERROR - /home/solcatcher/miniconda/envs/solcatcher/lib/python3.12/site-packages/abstract_utilities/log_utils.py - ERROR: None
calling_function: removFile
path: /var/www/api/abstract_logins/app/src/endpoints/files/routes/secure_delete.py
data: None
2025-08-17 11:22:32,869 - ERROR - /home/solcatcher/miniconda/envs/solcatcher/lib/python3.12/site-packages/abstract_utilities/log_utils.py - ERROR: None
calling_function: removFile
path: /var/www/api/abstract_logins/app/src/endpoints/files/routes/secure_delete.py
data: None
2025-08-17 11:22:32,878 - ERROR - /home/solcatcher/miniconda/envs/solcatcher/lib/python3.12/site-packages/abstract_utilities/log_utils.py - ERROR: None
calling_function: removFile
path: /var/www/api/abstract_logins/app/src/endpoints/files/routes/secure_delete.py
data: None
2025-08-17 11:22:32,886 - ERROR - /home/solcatcher/miniconda/envs/solcatcher/lib/python3.12/site-packages/abstract_utilities/log_utils.py - ERROR: None
calling_function: removFile
path: /var/www/api/abstract_logins/app/src/endpoints/files/routes/secure_delete.py
data: None
2025-08-17 11:22:32,894 - ERROR - /home/solcatcher/miniconda/envs/solcatcher/lib/python3.12/site-packages/abstract_utilities/log_utils.py - ERROR: None
calling_function: removFile
path: /var/www/api/abstract_logins/app/src/endpoints/files/routes/secure_delete.py
data: None
2025-08-17 11:22:32,902 - ERROR - /home/solcatcher/miniconda/envs/solcatcher/lib/python3.12/site-packages/abstract_utilities/log_utils.py - ERROR: None
calling_function: removFile
path: /var/www/api/abstract_logins/app/src/endpoints/files/routes/secure_delete.py
data: None
2025-08-17 11:22:32,910 - ERROR - /home/solcatcher/miniconda/envs/solcatcher/lib/python3.12/site-packages/abstract_utilities/log_utils.py - ERROR: None
calling_function: removFile
path: /var/www/api/abstract_logins/app/src/endpoints/files/routes/secure_delete.py
data: None
2025-08-17 11:22:32,918 - ERROR - /home/solcatcher/miniconda/envs/solcatcher/lib/python3.12/site-packages/abstract_utilities/log_utils.py - ERROR: None
calling_function: removFile
path: /var/www/api/abstract_logins/app/src/endpoints/files/routes/secure_delete.py
data: None
2025-08-17 11:22:32,927 - ERROR - /home/solcatcher/miniconda/envs/solcatcher/lib/python3.12/site-packages/abstract_utilities/log_utils.py - ERROR: None
calling_function: removFile
path: /var/www/api/abstract_logins/app/src/endpoints/files/routes/secure_delete.py
data: None
2025-08-17 11:22:32,935 - ERROR - /home/solcatcher/miniconda/envs/solcatcher/lib/python3.12/site-packages/abstract_utilities/log_utils.py - ERROR: None
calling_function: removFile
path: /var/www/api/abstract_logins/app/src/endpoints/files/routes/secure_delete.py
data: None
2025-08-17 11:22:32,943 - ERROR - /home/solcatcher/miniconda/envs/solcatcher/lib/python3.12/site-packages/abstract_utilities/log_utils.py - ERROR: None
calling_function: removFile
path: /var/www/api/abstract_logins/app/src/endpoints/files/routes/secure_delete.py
data: None
2025-08-17 11:22:32,951 - ERROR - /home/solcatcher/miniconda/envs/solcatcher/lib/python3.12/site-packages/abstract_utilities/log_utils.py - ERROR: None
calling_function: removFile
path: /var/www/api/abstract_logins/app/src/endpoints/files/routes/secure_delete.py
data: None
2025-08-17 11:22:32,959 - ERROR - /home/solcatcher/miniconda/envs/solcatcher/lib/python3.12/site-packages/abstract_utilities/log_utils.py - ERROR: None
calling_function: removFile
path: /var/www/api/abstract_logins/app/src/endpoints/files/routes/secure_delete.py
data: None
2025-08-17 11:22:32,967 - ERROR - /home/solcatcher/miniconda/envs/solcatcher/lib/python3.12/site-packages/abstract_utilities/log_utils.py - ERROR: None
calling_function: removFile
path: /var/www/api/abstract_logins/app/src/endpoints/files/routes/secure_delete.py
data: None
2025-08-17 11:22:32,975 - ERROR - /home/solcatcher/miniconda/envs/solcatcher/lib/python3.12/site-packages/abstract_utilities/log_utils.py - ERROR: None
calling_function: removFile
path: /var/www/api/abstract_logins/app/src/endpoints/files/routes/secure_delete.py
data: None
2025-08-17 11:22:32,983 - ERROR - /home/solcatcher/miniconda/envs/solcatcher/lib/python3.12/site-packages/abstract_utilities/log_utils.py - ERROR: None
calling_function: removFile
path: /var/www/api/abstract_logins/app/src/endpoints/files/routes/secure_delete.py
data: None
2025-08-17 11:22:32,991 - ERROR - /home/solcatcher/miniconda/envs/solcatcher/lib/python3.12/site-packages/abstract_utilities/log_utils.py - ERROR: None
calling_function: removFile
path: /var/www/api/abstract_logins/app/src/endpoints/files/routes/secure_delete.py
data: None
2025-08-17 11:22:33,000 - ERROR - /home/solcatcher/miniconda/envs/solcatcher/lib/python3.12/site-packages/abstract_utilities/log_utils.py - ERROR: None
calling_function: removFile
path: /var/www/api/abstract_logins/app/src/endpoints/files/routes/secure_delete.py
data: None
2025-08-17 11:22:33,008 - ERROR - /home/solcatcher/miniconda/envs/solcatcher/lib/python3.12/site-packages/abstract_utilities/log_utils.py - ERROR: None
calling_function: removFile
path: /var/www/api/abstract_logins/app/src/endpoints/files/routes/secure_delete.py
data: None
2025-08-17 11:22:33,016 - ERROR - /home/solcatcher/miniconda/envs/solcatcher/lib/python3.12/site-packages/abstract_utilities/log_utils.py - ERROR: None
calling_function: removFile
path: /var/www/api/abstract_logins/app/src/endpoints/files/routes/secure_delete.py
data: None
2025-08-17 11:22:33,024 - ERROR - /home/solcatcher/miniconda/envs/solcatcher/lib/python3.12/site-packages/abstract_utilities/log_utils.py - ERROR: None
calling_function: removFile
path: /var/www/api/abstract_logins/app/src/endpoints/files/routes/secure_delete.py
data: None
2025-08-17 11:22:33,032 - ERROR - /home/solcatcher/miniconda/envs/solcatcher/lib/python3.12/site-packages/abstract_utilities/log_utils.py - ERROR: None
calling_function: removFile
path: /var/www/api/abstract_logins/app/src/endpoints/files/routes/secure_delete.py
data: None
2025-08-17 11:22:33,040 - ERROR - /home/solcatcher/miniconda/envs/solcatcher/lib/python3.12/site-packages/abstract_utilities/log_utils.py - ERROR: None
calling_function: removFile
path: /var/www/api/abstract_logins/app/src/endpoints/files/routes/secure_delete.py
data: None
2025-08-17 11:22:33,049 - ERROR - /home/solcatcher/miniconda/envs/solcatcher/lib/python3.12/site-packages/abstract_utilities/log_utils.py - ERROR: None
calling_function: removFile
path: /var/www/api/abstract_logins/app/src/endpoints/files/routes/secure_delete.py
data: None
2025-08-17 11:22:33,057 - ERROR - /home/solcatcher/miniconda/envs/solcatcher/lib/python3.12/site-packages/abstract_utilities/log_utils.py - ERROR: None
calling_function: removFile
path: /var/www/api/abstract_logins/app/src/endpoints/files/routes/secure_delete.py
data: None
2025-08-17 11:22:33,065 - ERROR - /home/solcatcher/miniconda/envs/solcatcher/lib/python3.12/site-packages/abstract_utilities/log_utils.py - ERROR: None
calling_function: removFile
path: /var/www/api/abstract_logins/app/src/endpoints/files/routes/secure_delete.py
data: None
2025-08-17 11:22:33,073 - ERROR - /home/solcatcher/miniconda/envs/solcatcher/lib/python3.12/site-packages/abstract_utilities/log_utils.py - ERROR: None
calling_function: removFile
path: /var/www/api/abstract_logins/app/src/endpoints/files/routes/secure_delete.py
data: None
2025-08-17 11:22:33,081 - ERROR - /home/solcatcher/miniconda/envs/solcatcher/lib/python3.12/site-packages/abstract_utilities/log_utils.py - ERROR: None
calling_function: removFile
path: /var/www/api/abstract_logins/app/src/endpoints/files/routes/secure_delete.py
data: None
2025-08-17 11:22:33,090 - ERROR - /home/solcatcher/miniconda/envs/solcatcher/lib/python3.12/site-packages/abstract_utilities/log_utils.py - ERROR: None
calling_function: removFile
path: /var/www/api/abstract_logins/app/src/endpoints/files/routes/secure_delete.py
data: None
2025-08-17 11:22:33,098 - ERROR - /home/solcatcher/miniconda/envs/solcatcher/lib/python3.12/site-packages/abstract_utilities/log_utils.py - ERROR: None
calling_function: removFile
path: /var/www/api/abstract_logins/app/src/endpoints/files/routes/secure_delete.py
data: None
2025-08-17 11:22:33,106 - ERROR - /home/solcatcher/miniconda/envs/solcatcher/lib/python3.12/site-packages/abstract_utilities/log_utils.py - ERROR: None
calling_function: removFile
path: /var/www/api/abstract_logins/app/src/endpoints/files/routes/secure_delete.py
data: None
2025-08-17 11:22:33,114 - ERROR - /home/solcatcher/miniconda/envs/solcatcher/lib/python3.12/site-packages/abstract_utilities/log_utils.py - ERROR: None
calling_function: removFile
path: /var/www/api/abstract_logins/app/src/endpoints/files/routes/secure_delete.py
data: None
2025-08-17 11:22:33,122 - ERROR - /home/solcatcher/miniconda/envs/solcatcher/lib/python3.12/site-packages/abstract_utilities/log_utils.py - ERROR: None
calling_function: removFile
path: /var/www/api/abstract_logins/app/src/endpoints/files/routes/secure_delete.py
data: None
2025-08-17 11:22:33,130 - ERROR - /home/solcatcher/miniconda/envs/solcatcher/lib/python3.12/site-packages/abstract_utilities/log_utils.py - ERROR: None
calling_function: removFile
path: /var/www/api/abstract_logins/app/src/endpoints/files/routes/secure_delete.py
data: None
2025-08-17 11:22:33,138 - ERROR - /home/solcatcher/miniconda/envs/solcatcher/lib/python3.12/site-packages/abstract_utilities/log_utils.py - ERROR: None
calling_function: removFile
path: /var/www/api/abstract_logins/app/src/endpoints/files/routes/secure_delete.py
data: None
2025-08-17 11:22:33,146 - ERROR - /home/solcatcher/miniconda/envs/solcatcher/lib/python3.12/site-packages/abstract_utilities/log_utils.py - ERROR: None
calling_function: removFile
path: /var/www/api/abstract_logins/app/src/endpoints/files/routes/secure_delete.py
data: None
2025-08-17 11:22:33,155 - ERROR - /home/solcatcher/miniconda/envs/solcatcher/lib/python3.12/site-packages/abstract_utilities/log_utils.py - ERROR: None
calling_function: removFile
path: /var/www/api/abstract_logins/app/src/endpoints/files/routes/secure_delete.py
data: None
2025-08-17 11:22:33,163 - ERROR - /home/solcatcher/miniconda/envs/solcatcher/lib/python3.12/site-packages/abstract_utilities/log_utils.py - ERROR: None
calling_function: removFile
path: /var/www/api/abstract_logins/app/src/endpoints/files/routes/secure_delete.py
data: None
2025-08-17 11:22:33,170 - ERROR - /home/solcatcher/miniconda/envs/solcatcher/lib/python3.12/site-packages/abstract_utilities/log_utils.py - ERROR: None
calling_function: removFile
path: /var/www/api/abstract_logins/app/src/endpoints/files/routes/secure_delete.py
data: None
2025-08-17 11:22:33,178 - ERROR - /home/solcatcher/miniconda/envs/solcatcher/lib/python3.12/site-packages/abstract_utilities/log_utils.py - ERROR: None
calling_function: removFile
path: /var/www/api/abstract_logins/app/src/endpoints/files/routes/secure_delete.py
data: None
2025-08-17 11:22:33,187 - ERROR - /home/solcatcher/miniconda/envs/solcatcher/lib/python3.12/site-packages/abstract_utilities/log_utils.py - ERROR: None
calling_function: removFile
path: /var/www/api/abstract_logins/app/src/endpoints/files/routes/secure_delete.py
data: None
2025-08-17 11:22:33,195 - ERROR - /home/solcatcher/miniconda/envs/solcatcher/lib/python3.12/site-packages/abstract_utilities/log_utils.py - ERROR: None
calling_function: removFile
path: /var/www/api/abstract_logins/app/src/endpoints/files/routes/secure_delete.py
data: None
2025-08-17 11:22:33,203 - ERROR - /home/solcatcher/miniconda/envs/solcatcher/lib/python3.12/site-packages/abstract_utilities/log_utils.py - ERROR: None
calling_function: removFile
path: /var/www/api/abstract_logins/app/src/endpoints/files/routes/secure_delete.py
data: None
2025-08-17 11:22:33,211 - ERROR - /home/solcatcher/miniconda/envs/solcatcher/lib/python3.12/site-packages/abstract_utilities/log_utils.py - ERROR: None
calling_function: removFile
path: /var/www/api/abstract_logins/app/src/endpoints/files/routes/secure_delete.py
data: None
2025-08-17 11:22:33,219 - ERROR - /home/solcatcher/miniconda/envs/solcatcher/lib/python3.12/site-packages/abstract_utilities/log_utils.py - ERROR: None
calling_function: removFile
path: /var/www/api/abstract_logins/app/src/endpoints/files/routes/secure_delete.py
data: None
2025-08-17 11:22:33,227 - ERROR - /home/solcatcher/miniconda/envs/solcatcher/lib/python3.12/site-packages/abstract_utilities/log_utils.py - ERROR: None
calling_function: removFile
path: /var/www/api/abstract_logins/app/src/endpoints/files/routes/secure_delete.py
data: None
2025-08-17 11:22:33,235 - ERROR - /home/solcatcher/miniconda/envs/solcatcher/lib/python3.12/site-packages/abstract_utilities/log_utils.py - ERROR: None
calling_function: removFile
path: /var/www/api/abstract_logins/app/src/endpoints/files/routes/secure_delete.py
data: None
2025-08-17 11:22:33,243 - ERROR - /home/solcatcher/miniconda/envs/solcatcher/lib/python3.12/site-packages/abstract_utilities/log_utils.py - ERROR: None
calling_function: removFile
path: /var/www/api/abstract_logins/app/src/endpoints/files/routes/secure_delete.py
data: None
2025-08-17 11:22:33,251 - ERROR - /home/solcatcher/miniconda/envs/solcatcher/lib/python3.12/site-packages/abstract_utilities/log_utils.py - ERROR: None
calling_function: removFile
path: /var/www/api/abstract_logins/app/src/endpoints/files/routes/secure_delete.py
data: None
2025-08-17 11:22:33,259 - ERROR - /home/solcatcher/miniconda/envs/solcatcher/lib/python3.12/site-packages/abstract_utilities/log_utils.py - ERROR: None
calling_function: removFile
path: /var/www/api/abstract_logins/app/src/endpoints/files/routes/secure_delete.py
data: None
2025-08-17 11:22:33,268 - ERROR - /home/solcatcher/miniconda/envs/solcatcher/lib/python3.12/site-packages/abstract_utilities/log_utils.py - ERROR: None
calling_function: removFile
path: /var/www/api/abstract_logins/app/src/endpoints/files/routes/secure_delete.py
data: None
2025-08-17 11:22:33,277 - ERROR - /home/solcatcher/miniconda/envs/solcatcher/lib/python3.12/site-packages/abstract_utilities/log_utils.py - ERROR: None
calling_function: removFile
path: /var/www/api/abstract_logins/app/src/endpoints/files/routes/secure_delete.py
data: None
2025-08-17 11:22:33,286 - ERROR - /home/solcatcher/miniconda/envs/solcatcher/lib/python3.12/site-packages/abstract_utilities/log_utils.py - ERROR: None
calling_function: removFile
path: /var/www/api/abstract_logins/app/src/endpoints/files/routes/secure_delete.py
data: None
2025-08-17 11:22:33,295 - ERROR - /home/solcatcher/miniconda/envs/solcatcher/lib/python3.12/site-packages/abstract_utilities/log_utils.py - ERROR: None
calling_function: removFile
path: /var/www/api/abstract_logins/app/src/endpoints/files/routes/secure_delete.py
data: None
2025-08-17 11:22:33,303 - ERROR - /home/solcatcher/miniconda/envs/solcatcher/lib/python3.12/site-packages/abstract_utilities/log_utils.py - ERROR: None
calling_function: removFile
path: /var/www/api/abstract_logins/app/src/endpoints/files/routes/secure_delete.py
data: None
2025-08-17 11:22:33,312 - ERROR - /home/solcatcher/miniconda/envs/solcatcher/lib/python3.12/site-packages/abstract_utilities/log_utils.py - ERROR: None
calling_function: removFile
path: /var/www/api/abstract_logins/app/src/endpoints/files/routes/secure_delete.py
data: None
2025-08-17 11:22:33,319 - ERROR - /home/solcatcher/miniconda/envs/solcatcher/lib/python3.12/site-packages/abstract_utilities/log_utils.py - ERROR: None
calling_function: removFile
path: /var/www/api/abstract_logins/app/src/endpoints/files/routes/secure_delete.py
data: None
2025-08-17 11:22:33,328 - ERROR - /home/solcatcher/miniconda/envs/solcatcher/lib/python3.12/site-packages/abstract_utilities/log_utils.py - ERROR: None
calling_function: removFile
path: /var/www/api/abstract_logins/app/src/endpoints/files/routes/secure_delete.py
data: None
2025-08-17 11:22:33,337 - ERROR - /home/solcatcher/miniconda/envs/solcatcher/lib/python3.12/site-packages/abstract_utilities/log_utils.py - ERROR: None
calling_function: removFile
path: /var/www/api/abstract_logins/app/src/endpoints/files/routes/secure_delete.py
data: None
2025-08-17 11:22:33,345 - ERROR - /home/solcatcher/miniconda/envs/solcatcher/lib/python3.12/site-packages/abstract_utilities/log_utils.py - ERROR: None
calling_function: removFile
path: /var/www/api/abstract_logins/app/src/endpoints/files/routes/secure_delete.py
data: None
2025-08-17 11:22:33,353 - ERROR - /home/solcatcher/miniconda/envs/solcatcher/lib/python3.12/site-packages/abstract_utilities/log_utils.py - ERROR: None
calling_function: removFile
path: /var/www/api/abstract_logins/app/src/endpoints/files/routes/secure_delete.py
data: None
2025-08-17 11:22:33,361 - ERROR - /home/solcatcher/miniconda/envs/solcatcher/lib/python3.12/site-packages/abstract_utilities/log_utils.py - ERROR: None
calling_function: removFile
path: /var/www/api/abstract_logins/app/src/endpoints/files/routes/secure_delete.py
data: None
2025-08-17 11:22:33,369 - ERROR - /home/solcatcher/miniconda/envs/solcatcher/lib/python3.12/site-packages/abstract_utilities/log_utils.py - ERROR: None
calling_function: removFile
path: /var/www/api/abstract_logins/app/src/endpoints/files/routes/secure_delete.py
data: None
2025-08-17 11:22:33,377 - ERROR - /home/solcatcher/miniconda/envs/solcatcher/lib/python3.12/site-packages/abstract_utilities/log_utils.py - ERROR: None
calling_function: removFile
path: /var/www/api/abstract_logins/app/src/endpoints/files/routes/secure_delete.py
data: None
2025-08-17 11:22:33,385 - ERROR - /home/solcatcher/miniconda/envs/solcatcher/lib/python3.12/site-packages/abstract_utilities/log_utils.py - ERROR: None
calling_function: removFile
path: /var/www/api/abstract_logins/app/src/endpoints/files/routes/secure_delete.py
data: None
2025-08-17 11:22:33,393 - ERROR - /home/solcatcher/miniconda/envs/solcatcher/lib/python3.12/site-packages/abstract_utilities/log_utils.py - ERROR: None
calling_function: removFile
path: /var/www/api/abstract_logins/app/src/endpoints/files/routes/secure_delete.py
data: None
2025-08-17 11:22:33,402 - ERROR - /home/solcatcher/miniconda/envs/solcatcher/lib/python3.12/site-packages/abstract_utilities/log_utils.py - ERROR: None
calling_function: removFile
path: /var/www/api/abstract_logins/app/src/endpoints/files/routes/secure_delete.py
data: None
2025-08-17 11:22:33,410 - ERROR - /home/solcatcher/miniconda/envs/solcatcher/lib/python3.12/site-packages/abstract_utilities/log_utils.py - ERROR: None
calling_function: removFile
path: /var/www/api/abstract_logins/app/src/endpoints/files/routes/secure_delete.py
data: None
2025-08-17 11:22:33,418 - ERROR - /home/solcatcher/miniconda/envs/solcatcher/lib/python3.12/site-packages/abstract_utilities/log_utils.py - ERROR: None
calling_function: removFile
path: /var/www/api/abstract_logins/app/src/endpoints/files/routes/secure_delete.py
data: None
2025-08-17 11:22:33,425 - ERROR - /home/solcatcher/miniconda/envs/solcatcher/lib/python3.12/site-packages/abstract_utilities/log_utils.py - ERROR: None
calling_function: removFile
path: /var/www/api/abstract_logins/app/src/endpoints/files/routes/secure_delete.py
data: None
2025-08-17 11:22:33,433 - ERROR - /home/solcatcher/miniconda/envs/solcatcher/lib/python3.12/site-packages/abstract_utilities/log_utils.py - ERROR: None
calling_function: removFile
path: /var/www/api/abstract_logins/app/src/endpoints/files/routes/secure_delete.py
data: None
2025-08-17 11:22:33,441 - ERROR - /home/solcatcher/miniconda/envs/solcatcher/lib/python3.12/site-packages/abstract_utilities/log_utils.py - ERROR: None
calling_function: removFile
path: /var/www/api/abstract_logins/app/src/endpoints/files/routes/secure_delete.py
data: None
2025-08-17 11:22:33,448 - ERROR - /home/solcatcher/miniconda/envs/solcatcher/lib/python3.12/site-packages/abstract_utilities/log_utils.py - ERROR: None
calling_function: removFile
path: /var/www/api/abstract_logins/app/src/endpoints/files/routes/secure_delete.py
data: None
2025-08-17 11:22:33,457 - ERROR - /home/solcatcher/miniconda/envs/solcatcher/lib/python3.12/site-packages/abstract_utilities/log_utils.py - ERROR: None
calling_function: removFile
path: /var/www/api/abstract_logins/app/src/endpoints/files/routes/secure_delete.py
data: None
2025-08-17 11:22:33,465 - ERROR - /home/solcatcher/miniconda/envs/solcatcher/lib/python3.12/site-packages/abstract_utilities/log_utils.py - ERROR: None
calling_function: removFile
path: /var/www/api/abstract_logins/app/src/endpoints/files/routes/secure_delete.py
data: None
2025-08-17 11:22:33,473 - ERROR - /home/solcatcher/miniconda/envs/solcatcher/lib/python3.12/site-packages/abstract_utilities/log_utils.py - ERROR: None
calling_function: removFile
path: /var/www/api/abstract_logins/app/src/endpoints/files/routes/secure_delete.py
data: None
2025-08-17 11:22:33,481 - ERROR - /home/solcatcher/miniconda/envs/solcatcher/lib/python3.12/site-packages/abstract_utilities/log_utils.py - ERROR: None
calling_function: removFile
path: /var/www/api/abstract_logins/app/src/endpoints/files/routes/secure_delete.py
data: None
2025-08-17 11:22:33,489 - ERROR - /home/solcatcher/miniconda/envs/solcatcher/lib/python3.12/site-packages/abstract_utilities/log_utils.py - ERROR: None
calling_function: removFile
path: /var/www/api/abstract_logins/app/src/endpoints/files/routes/secure_delete.py
data: None
2025-08-17 11:22:33,497 - ERROR - /home/solcatcher/miniconda/envs/solcatcher/lib/python3.12/site-packages/abstract_utilities/log_utils.py - ERROR: None
calling_function: removFile
path: /var/www/api/abstract_logins/app/src/endpoints/files/routes/secure_delete.py
data: None
2025-08-17 11:22:33,504 - ERROR - /home/solcatcher/miniconda/envs/solcatcher/lib/python3.12/site-packages/abstract_utilities/log_utils.py - ERROR: None
calling_function: removFile
path: /var/www/api/abstract_logins/app/src/endpoints/files/routes/secure_delete.py
data: None
2025-08-17 11:22:33,512 - ERROR - /home/solcatcher/miniconda/envs/solcatcher/lib/python3.12/site-packages/abstract_utilities/log_utils.py - ERROR: None
calling_function: removFile
path: /var/www/api/abstract_logins/app/src/endpoints/files/routes/secure_delete.py
data: None
2025-08-17 11:22:33,520 - ERROR - /home/solcatcher/miniconda/envs/solcatcher/lib/python3.12/site-packages/abstract_utilities/log_utils.py - ERROR: None
calling_function: removFile
path: /var/www/api/abstract_logins/app/src/endpoints/files/routes/secure_delete.py
data: None
2025-08-17 11:22:33,528 - ERROR - /home/solcatcher/miniconda/envs/solcatcher/lib/python3.12/site-packages/abstract_utilities/log_utils.py - ERROR: None
calling_function: removFile
path: /var/www/api/abstract_logins/app/src/endpoints/files/routes/secure_delete.py
data: None
2025-08-17 11:22:33,536 - ERROR - /home/solcatcher/miniconda/envs/solcatcher/lib/python3.12/site-packages/abstract_utilities/log_utils.py - ERROR: None
calling_function: removFile
path: /var/www/api/abstract_logins/app/src/endpoints/files/routes/secure_delete.py
data: None
2025-08-17 11:22:33,544 - ERROR - /home/solcatcher/miniconda/envs/solcatcher/lib/python3.12/site-packages/abstract_utilities/log_utils.py - ERROR: None
calling_function: removFile
path: /var/www/api/abstract_logins/app/src/endpoints/files/routes/secure_delete.py
data: None
2025-08-17 11:22:33,553 - ERROR - /home/solcatcher/miniconda/envs/solcatcher/lib/python3.12/site-packages/abstract_utilities/log_utils.py - ERROR: None
calling_function: removFile
path: /var/www/api/abstract_logins/app/src/endpoints/files/routes/secure_delete.py
data: None
2025-08-17 11:22:37,587 - INFO - /home/solcatcher/miniconda/envs/solcatcher/lib/python3.12/site-packages/abstract_utilities/log_utils.py - initializing
calling_function: ensure_blacklist_table_exists
path: /var/www/api/abstract_logins/app/src/functions/auth_utils/user_store/table_utils/blacklist_utils.py
data: None
2025-08-17 11:22:43,027 - INFO - /home/solcatcher/miniconda/envs/solcatcher/lib/python3.12/site-packages/abstract_utilities/log_utils.py - initializing
calling_function: ensure_blacklist_table_exists
path: /var/www/api/abstract_logins/app/src/functions/auth_utils/user_store/table_utils/blacklist_utils.py
data: None
2025-08-17 11:23:01,520 - INFO - /home/solcatcher/miniconda/envs/solcatcher/lib/python3.12/site-packages/abstract_utilities/log_utils.py - initializing
calling_function: ensure_blacklist_table_exists
path: /var/www/api/abstract_logins/app/src/functions/auth_utils/user_store/table_utils/blacklist_utils.py
data: None
2025-08-17 11:23:06,548 - INFO - /home/solcatcher/miniconda/envs/solcatcher/lib/python3.12/site-packages/abstract_utilities/log_utils.py - initializing
calling_function: ensure_blacklist_table_exists
path: /var/www/api/abstract_logins/app/src/functions/auth_utils/user_store/table_utils/blacklist_utils.py
data: None
2025-08-17 11:23:09,982 - INFO - /home/solcatcher/miniconda/envs/solcatcher/lib/python3.12/site-packages/abstract_utilities/log_utils.py - initializing
calling_function: get_user_by_username
path: /var/www/api/abstract_logins/app/src/functions/auth_utils/user_store/table_utils/get_users.py
data: None
2025-08-17 11:23:42,560 - INFO - /home/solcatcher/miniconda/envs/solcatcher/lib/python3.12/site-packages/abstract_utilities/log_utils.py - initializing
calling_function: ensure_blacklist_table_exists
path: /var/www/api/abstract_logins/app/src/functions/auth_utils/user_store/table_utils/blacklist_utils.py
data: None
2025-08-17 11:23:47,679 - INFO - /home/solcatcher/miniconda/envs/solcatcher/lib/python3.12/site-packages/abstract_utilities/log_utils.py - initializing
calling_function: ensure_blacklist_table_exists
path: /var/www/api/abstract_logins/app/src/functions/auth_utils/user_store/table_utils/blacklist_utils.py
data: None
2025-08-17 11:23:50,445 - INFO - /home/solcatcher/miniconda/envs/solcatcher/lib/python3.12/site-packages/abstract_utilities/log_utils.py - initializing
calling_function: get_user_by_username
path: /var/www/api/abstract_logins/app/src/functions/auth_utils/user_store/table_utils/get_users.py
data: None
2025-08-17 11:23:50,449 - INFO - /home/solcatcher/miniconda/envs/solcatcher/lib/python3.12/site-packages/abstract_utilities/log_utils.py - initializing
calling_function: get_user_by_username
path: /var/www/api/abstract_logins/app/src/functions/auth_utils/user_store/table_utils/get_users.py
data: None
2025-08-17 11:24:08,292 - INFO - /home/solcatcher/miniconda/envs/solcatcher/lib/python3.12/site-packages/abstract_utilities/log_utils.py - initializing
calling_function: get_user_by_username
path: /var/www/api/abstract_logins/app/src/functions/auth_utils/user_store/table_utils/get_users.py
data: None
2025-08-17 11:26:05,769 - INFO - /home/solcatcher/miniconda/envs/solcatcher/lib/python3.12/site-packages/abstract_utilities/log_utils.py - {'username': 'admin', 'is_admin': True, 'exp': datetime.datetime(2025, 8, 18, 11, 26, 5, 763061)}
2025-08-17 11:26:08,601 - INFO - /home/solcatcher/miniconda/envs/solcatcher/lib/python3.12/site-packages/abstract_utilities/log_utils.py - initializing
calling_function: get_user_by_username
path: /var/www/api/abstract_logins/app/src/functions/auth_utils/user_store/table_utils/get_users.py
data: None
2025-08-17 11:27:33,717 - INFO - /home/solcatcher/miniconda/envs/solcatcher/lib/python3.12/site-packages/abstract_utilities/log_utils.py - {'username': 'admin', 'is_admin': True, 'exp': datetime.datetime(2025, 8, 18, 11, 27, 33, 716656)}
2025-08-17 11:27:35,629 - INFO - /home/solcatcher/miniconda/envs/solcatcher/lib/python3.12/site-packages/abstract_utilities/log_utils.py - initializing
calling_function: get_user_by_username
path: /var/www/api/abstract_logins/app/src/functions/auth_utils/user_store/table_utils/get_users.py
data: None
2025-08-17 11:27:37,723 - INFO - /home/solcatcher/miniconda/envs/solcatcher/lib/python3.12/site-packages/abstract_utilities/log_utils.py - initializing
calling_function: get_user_by_username
path: /var/www/api/abstract_logins/app/src/functions/auth_utils/user_store/table_utils/get_users.py
data: None
2025-08-17 11:27:37,724 - INFO - /home/solcatcher/miniconda/envs/solcatcher/lib/python3.12/site-packages/abstract_utilities/log_utils.py - initializing
calling_function: get_user_by_username
path: /var/www/api/abstract_logins/app/src/functions/auth_utils/user_store/table_utils/get_users.py
data: None
2025-08-17 11:36:40,222 - ERROR - /home/solcatcher/miniconda/envs/solcatcher/lib/python3.12/site-packages/abstract_utilities/log_utils.py - ERROR: None
calling_function: login
path: /var/www/api/abstract_logins/app/src/endpoints/users/routes/secure_login.py
data: None
2025-08-17 11:36:55,811 - ERROR - /home/solcatcher/miniconda/envs/solcatcher/lib/python3.12/site-packages/abstract_utilities/log_utils.py - ERROR: None
calling_function: login
path: /var/www/api/abstract_logins/app/src/endpoints/users/routes/secure_login.py
data: None
2025-08-17 11:37:13,701 - ERROR - /home/solcatcher/miniconda/envs/solcatcher/lib/python3.12/site-packages/abstract_utilities/log_utils.py - ERROR: None
calling_function: login
path: /var/www/api/abstract_logins/app/src/endpoints/users/routes/secure_login.py
data: None
2025-08-17 11:37:15,260 - ERROR - /home/solcatcher/miniconda/envs/solcatcher/lib/python3.12/site-packages/abstract_utilities/log_utils.py - ERROR: None
calling_function: login
path: /var/www/api/abstract_logins/app/src/endpoints/users/routes/secure_login.py
data: None
2025-08-17 11:37:15,784 - ERROR - /home/solcatcher/miniconda/envs/solcatcher/lib/python3.12/site-packages/abstract_utilities/log_utils.py - ERROR: None
calling_function: login
path: /var/www/api/abstract_logins/app/src/endpoints/users/routes/secure_login.py
data: None
2025-08-17 11:37:45,779 - ERROR - /home/solcatcher/miniconda/envs/solcatcher/lib/python3.12/site-packages/abstract_utilities/log_utils.py - ERROR: None
calling_function: login
path: /var/www/api/abstract_logins/app/src/endpoints/users/routes/secure_login.py
data: None
2025-08-17 11:37:50,092 - INFO - /home/solcatcher/miniconda/envs/solcatcher/lib/python3.12/site-packages/abstract_utilities/log_utils.py - {'username': 'admin', 'is_admin': True, 'exp': datetime.datetime(2025, 8, 18, 11, 37, 50, 91054)}
2025-08-17 11:38:07,584 - INFO - /home/solcatcher/miniconda/envs/solcatcher/lib/python3.12/site-packages/abstract_utilities/log_utils.py - {'username': 'admin', 'is_admin': True, 'exp': datetime.datetime(2025, 8, 18, 11, 38, 7, 583712)}
